#
# There is insufficient memory for the Java Runtime Environment to continue.
# Native memory allocation (malloc) failed to allocate 32744 bytes for ChunkPool::allocate
# Possible reasons:
#   The system is out of physical RAM or swap space
#   In 32 bit mode, the process size limit was hit
# Possible solutions:
#   Reduce memory load on the system
#   Increase physical memory or swap space
#   Check if swap backing store is full
#   Use 64 bit Java on a 64 bit OS
#   Decrease Java heap size (-Xmx/-Xms)
#   Decrease number of Java threads
#   Decrease Java thread stack sizes (-Xss)
#   Set larger code cache with -XX:ReservedCodeCacheSize=
# This output file may be truncated or incomplete.
#
#  Out of Memory Error (allocation.cpp:273), pid=16432, tid=0x0000000000001110
#
# JRE version: Java(TM) SE Runtime Environment (8.0_171-b11) (build 1.8.0_171-b11)
# Java VM: Java HotSpot(TM) 64-Bit Server VM (25.171-b11 mixed mode windows-amd64 compressed oops)
# Failed to write core dump. Minidumps are not enabled by default on client versions of Windows
#

---------------  T H R E A D  ---------------

Current thread (0x0000000016ccb800):  JavaThread "C1 CompilerThread3" daemon [_thread_in_native, id=4368, stack(0x0000000017540000,0x0000000017640000)]

Stack: [0x0000000017540000,0x0000000017640000]
[error occurred during error reporting (printing stack bounds), id 0xc0000005]

Native frames: (J=compiled Java code, j=interpreted, Vv=VM code, C=native code)


Current CompileTask:
C1:  18526 4425       1       org.springframework.asm.ClassReader::readCode (5085 bytes)


---------------  P R O C E S S  ---------------

Java Threads: ( => current thread )
  0x0000000018767800 JavaThread "lettuce-eventExecutorLoop-1-4" daemon [_thread_blocked, id=7576, stack(0x000000001e0a0000,0x000000001e1a0000)]
  0x000000001876b000 JavaThread "lettuce-eventExecutorLoop-1-3" daemon [_thread_blocked, id=13892, stack(0x000000001dfa0000,0x000000001e0a0000)]
  0x000000001876b800 JavaThread "SimplePauseDetectorThread_2" daemon [_thread_blocked, id=764, stack(0x000000001dea0000,0x000000001dfa0000)]
  0x0000000018769800 JavaThread "SimplePauseDetectorThread_1" daemon [_thread_blocked, id=14000, stack(0x000000001dda0000,0x000000001dea0000)]
  0x00000000187e8000 JavaThread "SimplePauseDetectorThread_0" daemon [_thread_blocked, id=14932, stack(0x000000001dca0000,0x000000001dda0000)]
  0x00000000187e1000 JavaThread "Thread-40" daemon [_thread_blocked, id=20044, stack(0x000000001dba0000,0x000000001dca0000)]
  0x00000000187e7000 JavaThread "lettuce-eventExecutorLoop-1-2" daemon [_thread_blocked, id=7504, stack(0x000000001ca90000,0x000000001cb90000)]
  0x00000000187e2000 JavaThread "lettuce-nioEventLoop-4-1" daemon [_thread_in_native, id=1640, stack(0x000000001c990000,0x000000001ca90000)]
  0x00000000187e6800 JavaThread "container-0" [_thread_blocked, id=14912, stack(0x000000001c390000,0x000000001c490000)]
  0x00000000187e5000 JavaThread "Catalina-utility-2" [_thread_blocked, id=16796, stack(0x000000001c290000,0x000000001c390000)]
  0x00000000187e4000 JavaThread "Catalina-utility-1" [_thread_blocked, id=14780, stack(0x000000001c190000,0x000000001c290000)]
  0x00000000187e5800 JavaThread "spring.cloud.inetutils" daemon [_thread_in_native, id=12268, stack(0x000000001c090000,0x000000001c190000)]
  0x00000000187e3800 JavaThread "RMI TCP Connection(4)-127.0.0.1" daemon [_thread_in_native, id=2252, stack(0x000000001a1c0000,0x000000001a2c0000)]
  0x00000000187e2800 JavaThread "lettuce-eventExecutorLoop-1-1" daemon [_thread_blocked, id=12772, stack(0x0000000019ec0000,0x0000000019fc0000)]
  0x0000000017e52800 JavaThread "restartedMain" [_thread_in_native, id=14300, stack(0x00000000192c0000,0x00000000193c0000)]
  0x0000000017e4b000 JavaThread "RMI TCP Connection(3)-127.0.0.1" daemon [_thread_in_native, id=19400, stack(0x00000000190c0000,0x00000000191c0000)]
  0x0000000017e48800 JavaThread "RMI Scheduler(0)" daemon [_thread_blocked, id=12464, stack(0x0000000018fc0000,0x00000000190c0000)]
  0x0000000017e46800 JavaThread "Thread-1" [_thread_blocked, id=15064, stack(0x0000000018ec0000,0x0000000018fc0000)]
  0x0000000017e3a800 JavaThread "RMI TCP Connection(1)-127.0.0.1" daemon [_thread_in_native, id=7792, stack(0x0000000018dc0000,0x0000000018ec0000)]
  0x0000000016f96800 JavaThread "RMI TCP Accept-0" daemon [_thread_in_native, id=18992, stack(0x0000000017940000,0x0000000017a40000)]
  0x0000000016f8b000 JavaThread "RMI TCP Accept-11418" daemon [_thread_in_native, id=4452, stack(0x0000000017840000,0x0000000017940000)]
  0x0000000016f80000 JavaThread "RMI TCP Accept-0" daemon [_thread_in_native, id=12420, stack(0x0000000017740000,0x0000000017840000)]
  0x0000000016d5d000 JavaThread "Service Thread" daemon [_thread_blocked, id=19836, stack(0x0000000017640000,0x0000000017740000)]
=>0x0000000016ccb800 JavaThread "C1 CompilerThread3" daemon [_thread_in_native, id=4368, stack(0x0000000017540000,0x0000000017640000)]
  0x0000000016cc2800 JavaThread "C2 CompilerThread2" daemon [_thread_blocked, id=11196, stack(0x0000000017440000,0x0000000017540000)]
  0x0000000016c99000 JavaThread "C2 CompilerThread1" daemon [_thread_blocked, id=15272, stack(0x0000000017340000,0x0000000017440000)]
  0x0000000016c98000 JavaThread "C2 CompilerThread0" daemon [_thread_blocked, id=15124, stack(0x0000000017240000,0x0000000017340000)]
  0x0000000016c6e000 JavaThread "Monitor Ctrl-Break" daemon [_thread_in_native, id=13260, stack(0x0000000017140000,0x0000000017240000)]
  0x0000000016222000 JavaThread "Attach Listener" daemon [_thread_blocked, id=11748, stack(0x0000000016840000,0x0000000016940000)]
  0x0000000016221000 JavaThread "Signal Dispatcher" daemon [_thread_blocked, id=2824, stack(0x0000000016740000,0x0000000016840000)]
  0x0000000014317000 JavaThread "Finalizer" daemon [_thread_blocked, id=17440, stack(0x00000000165e0000,0x00000000166e0000)]
  0x0000000014310000 JavaThread "Reference Handler" daemon [_thread_blocked, id=19880, stack(0x00000000160e0000,0x00000000161e0000)]
  0x0000000003155800 JavaThread "main" [_thread_blocked, id=16696, stack(0x0000000002cb0000,0x0000000002db0000)]

Other Threads:
  0x0000000014306800 VMThread [stack: 0x0000000015fe0000,0x00000000160e0000] [id=9020]
  0x0000000016f9b000 WatcherThread [stack: 0x0000000017a40000,0x0000000017b40000] [id=12472]

VM state:not at safepoint (normal execution)

VM Mutex/Monitor currently owned by a thread: None

Heap:
 PSYoungGen      total 75264K, used 54694K [0x00000000fab00000, 0x0000000100000000, 0x0000000100000000)
  eden space 63488K, 77% used [0x00000000fab00000,0x00000000fdacba20,0x00000000fe900000)
  from space 11776K, 48% used [0x00000000ff480000,0x00000000ffa1e098,0x0000000100000000)
  to   space 11776K, 0% used [0x00000000fe900000,0x00000000fe900000,0x00000000ff480000)
 ParOldGen       total 175104K, used 21181K [0x00000000f0000000, 0x00000000fab00000, 0x00000000fab00000)
  object space 175104K, 12% used [0x00000000f0000000,0x00000000f14af4b8,0x00000000fab00000)
 Metaspace       used 46737K, capacity 49859K, committed 50088K, reserved 1095680K
  class space    used 6458K, capacity 6997K, committed 7080K, reserved 1048576K

Card table byte_map: [0x00000000127b0000,0x0000000012840000] byte_map_base: 0x0000000012030000

Marking Bits: (ParMarkBitMap*) 0x0000000076e508c0
 Begin Bits: [0x00000000130a0000, 0x00000000134a0000)
 End Bits:   [0x00000000134a0000, 0x00000000138a0000)

Polling page: 0x0000000000bf0000

CodeCache: size=245760Kb used=8400Kb max_used=8442Kb free=237359Kb
 bounds [0x00000000033f0000, 0x0000000003c30000, 0x00000000123f0000]
 total_blobs=4864 nmethods=4350 adapters=425
 compilation: enabled

Compilation events (10 events):
Event: 18.507 Thread 0x0000000016ccb800 nmethod 4420 0x00000000036779d0 code [0x0000000003677b40, 0x0000000003677cb8]
Event: 18.515 Thread 0x0000000016ccb800 4421       1       org.springframework.core.MethodParameter::forExecutable (67 bytes)
Event: 18.515 Thread 0x0000000016ccb800 nmethod 4421 0x00000000037f1910 code [0x00000000037f1b20, 0x00000000037f2308]
Event: 18.515 Thread 0x0000000016ccb800 4422       1       java.lang.Class::getDeclaredMethod (67 bytes)
Event: 18.515 Thread 0x0000000016ccb800 nmethod 4422 0x000000000365c810 code [0x000000000365ca00, 0x000000000365ceb8]
Event: 18.517 Thread 0x0000000016ccb800 4423       1       org.springframework.beans.factory.annotation.AutowiredAnnotationBeanPostProcessor::postProcessMergedBeanDefinition (16 bytes)
Event: 18.517 Thread 0x0000000016ccb800 nmethod 4423 0x000000000361e4d0 code [0x000000000361e640, 0x000000000361e798]
Event: 18.517 Thread 0x0000000016ccb800 4424   !   1       org.springframework.beans.factory.annotation.AutowiredAnnotationBeanPostProcessor::postProcessProperties (45 bytes)
Event: 18.517 Thread 0x0000000016ccb800 nmethod 4424 0x00000000036630d0 code [0x0000000003663260, 0x00000000036634e8]
Event: 18.520 Thread 0x0000000016ccb800 4425       1       org.springframework.asm.ClassReader::readCode (5085 bytes)

GC Heap History (10 events):
Event: 11.775 GC heap before
{Heap before GC invocations=12 (full 2):
 PSYoungGen      total 74240K, used 3158K [0x00000000fab00000, 0x0000000100000000, 0x0000000100000000)
  eden space 62464K, 0% used [0x00000000fab00000,0x00000000fab00000,0x00000000fe800000)
  from space 11776K, 26% used [0x00000000ff480000,0x00000000ff795aa8,0x0000000100000000)
  to   space 12288K, 0% used [0x00000000fe800000,0x00000000fe800000,0x00000000ff400000)
 ParOldGen       total 175104K, used 11801K [0x00000000f0000000, 0x00000000fab00000, 0x00000000fab00000)
  object space 175104K, 6% used [0x00000000f0000000,0x00000000f0b864e8,0x00000000fab00000)
 Metaspace       used 33499K, capacity 35421K, committed 35496K, reserved 1079296K
  class space    used 4602K, capacity 5001K, committed 5032K, reserved 1048576K
Event: 11.883 GC heap after
Heap after GC invocations=12 (full 2):
 PSYoungGen      total 74240K, used 0K [0x00000000fab00000, 0x0000000100000000, 0x0000000100000000)
  eden space 62464K, 0% used [0x00000000fab00000,0x00000000fab00000,0x00000000fe800000)
  from space 11776K, 0% used [0x00000000ff480000,0x00000000ff480000,0x0000000100000000)
  to   space 12288K, 0% used [0x00000000fe800000,0x00000000fe800000,0x00000000ff400000)
 ParOldGen       total 175104K, used 13923K [0x00000000f0000000, 0x00000000fab00000, 0x00000000fab00000)
  object space 175104K, 7% used [0x00000000f0000000,0x00000000f0d98db8,0x00000000fab00000)
 Metaspace       used 33499K, capacity 35421K, committed 35496K, reserved 1079296K
  class space    used 4602K, capacity 5001K, committed 5032K, reserved 1048576K
}
Event: 12.245 GC heap before
{Heap before GC invocations=13 (full 2):
 PSYoungGen      total 74240K, used 62464K [0x00000000fab00000, 0x0000000100000000, 0x0000000100000000)
  eden space 62464K, 100% used [0x00000000fab00000,0x00000000fe800000,0x00000000fe800000)
  from space 11776K, 0% used [0x00000000ff480000,0x00000000ff480000,0x0000000100000000)
  to   space 12288K, 0% used [0x00000000fe800000,0x00000000fe800000,0x00000000ff400000)
 ParOldGen       total 175104K, used 13923K [0x00000000f0000000, 0x00000000fab00000, 0x00000000fab00000)
  object space 175104K, 7% used [0x00000000f0000000,0x00000000f0d98db8,0x00000000fab00000)
 Metaspace       used 34727K, capacity 36667K, committed 36904K, reserved 1081344K
  class space    used 4736K, capacity 5134K, committed 5160K, reserved 1048576K
Event: 12.249 GC heap after
Heap after GC invocations=13 (full 2):
 PSYoungGen      total 74752K, used 4609K [0x00000000fab00000, 0x0000000100000000, 0x0000000100000000)
  eden space 62464K, 0% used [0x00000000fab00000,0x00000000fab00000,0x00000000fe800000)
  from space 12288K, 37% used [0x00000000fe800000,0x00000000fec80558,0x00000000ff400000)
  to   space 12288K, 0% used [0x00000000ff400000,0x00000000ff400000,0x0000000100000000)
 ParOldGen       total 175104K, used 13931K [0x00000000f0000000, 0x00000000fab00000, 0x00000000fab00000)
  object space 175104K, 7% used [0x00000000f0000000,0x00000000f0d9adb8,0x00000000fab00000)
 Metaspace       used 34727K, capacity 36667K, committed 36904K, reserved 1081344K
  class space    used 4736K, capacity 5134K, committed 5160K, reserved 1048576K
}
Event: 12.776 GC heap before
{Heap before GC invocations=14 (full 2):
 PSYoungGen      total 74752K, used 67073K [0x00000000fab00000, 0x0000000100000000, 0x0000000100000000)
  eden space 62464K, 100% used [0x00000000fab00000,0x00000000fe800000,0x00000000fe800000)
  from space 12288K, 37% used [0x00000000fe800000,0x00000000fec80558,0x00000000ff400000)
  to   space 12288K, 0% used [0x00000000ff400000,0x00000000ff400000,0x0000000100000000)
 ParOldGen       total 175104K, used 13931K [0x00000000f0000000, 0x00000000fab00000, 0x00000000fab00000)
  object space 175104K, 7% used [0x00000000f0000000,0x00000000f0d9adb8,0x00000000fab00000)
 Metaspace       used 38104K, capacity 40361K, committed 40488K, reserved 1083392K
  class space    used 5221K, capacity 5661K, committed 5672K, reserved 1048576K
Event: 12.781 GC heap after
Heap after GC invocations=14 (full 2):
 PSYoungGen      total 74752K, used 4244K [0x00000000fab00000, 0x0000000100000000, 0x0000000100000000)
  eden space 62464K, 0% used [0x00000000fab00000,0x00000000fab00000,0x00000000fe800000)
  from space 12288K, 34% used [0x00000000ff400000,0x00000000ff825250,0x0000000100000000)
  to   space 12288K, 0% used [0x00000000fe800000,0x00000000fe800000,0x00000000ff400000)
 ParOldGen       total 175104K, used 17670K [0x00000000f0000000, 0x00000000fab00000, 0x00000000fab00000)
  object space 175104K, 10% used [0x00000000f0000000,0x00000000f1141b38,0x00000000fab00000)
 Metaspace       used 38104K, capacity 40361K, committed 40488K, reserved 1083392K
  class space    used 5221K, capacity 5661K, committed 5672K, reserved 1048576K
}
Event: 16.238 GC heap before
{Heap before GC invocations=15 (full 2):
 PSYoungGen      total 74752K, used 66708K [0x00000000fab00000, 0x0000000100000000, 0x0000000100000000)
  eden space 62464K, 100% used [0x00000000fab00000,0x00000000fe800000,0x00000000fe800000)
  from space 12288K, 34% used [0x00000000ff400000,0x00000000ff825250,0x0000000100000000)
  to   space 12288K, 0% used [0x00000000fe800000,0x00000000fe800000,0x00000000ff400000)
 ParOldGen       total 175104K, used 17670K [0x00000000f0000000, 0x00000000fab00000, 0x00000000fab00000)
  object space 175104K, 10% used [0x00000000f0000000,0x00000000f1141b38,0x00000000fab00000)
 Metaspace       used 40472K, capacity 42985K, committed 43304K, reserved 1087488K
  class space    used 5616K, capacity 6087K, committed 6184K, reserved 1048576K
Event: 16.243 GC heap after
Heap after GC invocations=15 (full 2):
 PSYoungGen      total 74752K, used 4315K [0x00000000fab00000, 0x0000000100000000, 0x0000000100000000)
  eden space 62464K, 0% used [0x00000000fab00000,0x00000000fab00000,0x00000000fe800000)
  from space 12288K, 35% used [0x00000000fe800000,0x00000000fec36ff8,0x00000000ff400000)
  to   space 11776K, 0% used [0x00000000ff480000,0x00000000ff480000,0x0000000100000000)
 ParOldGen       total 175104K, used 19037K [0x00000000f0000000, 0x00000000fab00000, 0x00000000fab00000)
  object space 175104K, 10% used [0x00000000f0000000,0x00000000f12974d8,0x00000000fab00000)
 Metaspace       used 40472K, capacity 42985K, committed 43304K, reserved 1087488K
  class space    used 5616K, capacity 6087K, committed 6184K, reserved 1048576K
}
Event: 18.107 GC heap before
{Heap before GC invocations=16 (full 2):
 PSYoungGen      total 74752K, used 66779K [0x00000000fab00000, 0x0000000100000000, 0x0000000100000000)
  eden space 62464K, 100% used [0x00000000fab00000,0x00000000fe800000,0x00000000fe800000)
  from space 12288K, 35% used [0x00000000fe800000,0x00000000fec36ff8,0x00000000ff400000)
  to   space 11776K, 0% used [0x00000000ff480000,0x00000000ff480000,0x0000000100000000)
 ParOldGen       total 175104K, used 19037K [0x00000000f0000000, 0x00000000fab00000, 0x00000000fab00000)
  object space 175104K, 10% used [0x00000000f0000000,0x00000000f12974d8,0x00000000fab00000)
 Metaspace       used 44516K, capacity 47249K, committed 47400K, reserved 1089536K
  class space    used 6131K, capacity 6624K, committed 6696K, reserved 1048576K
Event: 18.113 GC heap after
Heap after GC invocations=16 (full 2):
 PSYoungGen      total 75264K, used 5752K [0x00000000fab00000, 0x0000000100000000, 0x0000000100000000)
  eden space 63488K, 0% used [0x00000000fab00000,0x00000000fab00000,0x00000000fe900000)
  from space 11776K, 48% used [0x00000000ff480000,0x00000000ffa1e098,0x0000000100000000)
  to   space 11776K, 0% used [0x00000000fe900000,0x00000000fe900000,0x00000000ff480000)
 ParOldGen       total 175104K, used 21181K [0x00000000f0000000, 0x00000000fab00000, 0x00000000fab00000)
  object space 175104K, 12% used [0x00000000f0000000,0x00000000f14af4b8,0x00000000fab00000)
 Metaspace       used 44516K, capacity 47249K, committed 47400K, reserved 1089536K
  class space    used 6131K, capacity 6624K, committed 6696K, reserved 1048576K
}

Deoptimization events (0 events):
No events

Classes redefined (0 events):
No events

Internal exceptions (10 events):
Event: 18.516 Thread 0x0000000017e52800 Exception <a 'java/lang/ArrayIndexOutOfBoundsException'> (0x00000000fd841b40) thrown at [C:\re\workspace\8-2-build-windows-amd64-cygwin\jdk8u171\10807\hotspot\src\share\vm\runtime\sharedRuntime.cpp, line 605]
Event: 18.516 Thread 0x0000000017e52800 Exception <a 'java/lang/ArrayIndexOutOfBoundsException'> (0x00000000fd843238) thrown at [C:\re\workspace\8-2-build-windows-amd64-cygwin\jdk8u171\10807\hotspot\src\share\vm\runtime\sharedRuntime.cpp, line 605]
Event: 18.516 Thread 0x0000000017e52800 Exception <a 'java/lang/ArrayIndexOutOfBoundsException'> (0x00000000fd845118) thrown at [C:\re\workspace\8-2-build-windows-amd64-cygwin\jdk8u171\10807\hotspot\src\share\vm\runtime\sharedRuntime.cpp, line 605]
Event: 18.516 Thread 0x0000000017e52800 Exception <a 'java/lang/ArrayIndexOutOfBoundsException'> (0x00000000fd846e18) thrown at [C:\re\workspace\8-2-build-windows-amd64-cygwin\jdk8u171\10807\hotspot\src\share\vm\runtime\sharedRuntime.cpp, line 605]
Event: 18.516 Thread 0x0000000017e52800 Exception <a 'java/lang/ArrayIndexOutOfBoundsException'> (0x00000000fd848230) thrown at [C:\re\workspace\8-2-build-windows-amd64-cygwin\jdk8u171\10807\hotspot\src\share\vm\runtime\sharedRuntime.cpp, line 605]
Event: 18.516 Thread 0x0000000017e52800 Exception <a 'java/lang/ArrayIndexOutOfBoundsException'> (0x00000000fd849e78) thrown at [C:\re\workspace\8-2-build-windows-amd64-cygwin\jdk8u171\10807\hotspot\src\share\vm\runtime\sharedRuntime.cpp, line 605]
Event: 18.517 Thread 0x0000000017e52800 Exception <a 'java/lang/ArrayIndexOutOfBoundsException'> (0x00000000fd84b878) thrown at [C:\re\workspace\8-2-build-windows-amd64-cygwin\jdk8u171\10807\hotspot\src\share\vm\runtime\sharedRuntime.cpp, line 605]
Event: 18.517 Thread 0x0000000017e52800 Exception <a 'java/lang/ArrayIndexOutOfBoundsException'> (0x00000000fd84cae0) thrown at [C:\re\workspace\8-2-build-windows-amd64-cygwin\jdk8u171\10807\hotspot\src\share\vm\runtime\sharedRuntime.cpp, line 605]
Event: 18.520 Thread 0x0000000017e52800 Exception <a 'java/lang/ArrayIndexOutOfBoundsException'> (0x00000000fd8ba108) thrown at [C:\re\workspace\8-2-build-windows-amd64-cygwin\jdk8u171\10807\hotspot\src\share\vm\runtime\sharedRuntime.cpp, line 605]
Event: 18.520 Thread 0x0000000017e52800 Exception <a 'java/lang/ArrayIndexOutOfBoundsException'> (0x00000000fd8bb2b8) thrown at [C:\re\workspace\8-2-build-windows-amd64-cygwin\jdk8u171\10807\hotspot\src\share\vm\runtime\sharedRuntime.cpp, line 605]

Events (10 events):
Event: 18.518 loading class org/springframework/beans/factory/ListableBeanFactory
Event: 18.518 loading class org/springframework/beans/factory/ListableBeanFactory done
Event: 18.518 loading class org/springframework/beans/factory/ListableBeanFactory
Event: 18.518 loading class org/springframework/beans/factory/ListableBeanFactory done
Event: 18.518 loading class org/springframework/data/mapping/context/AbstractMappingContext
Event: 18.518 loading class org/springframework/data/mapping/context/AbstractMappingContext done
Event: 18.523 loading class org/springframework/beans/factory/UnsatisfiedDependencyException
Event: 18.523 loading class org/springframework/beans/factory/UnsatisfiedDependencyException done
Event: 18.524 loading class org/springframework/data/redis/core/convert/PathIndexResolver
Event: 18.524 loading class org/springframework/data/redis/core/convert/PathIndexResolver done


Dynamic libraries:
0x00007ff735340000 - 0x00007ff735377000 	D:\Program Files\Java\jdk1.8.0_171\bin\java.exe
0x00007ffef2300000 - 0x00007ffef24f0000 	C:\WINDOWS\SYSTEM32\ntdll.dll
0x00007ffef1f50000 - 0x00007ffef2002000 	C:\WINDOWS\System32\KERNEL32.DLL
0x00007ffeef4b0000 - 0x00007ffeef754000 	C:\WINDOWS\System32\KERNELBASE.dll
0x00007ffef1ea0000 - 0x00007ffef1f43000 	C:\WINDOWS\System32\ADVAPI32.dll
0x00007ffef20c0000 - 0x00007ffef215e000 	C:\WINDOWS\System32\msvcrt.dll
0x00007ffef1d30000 - 0x00007ffef1dc7000 	C:\WINDOWS\System32\sechost.dll
0x00007ffef1a60000 - 0x00007ffef1b80000 	C:\WINDOWS\System32\RPCRT4.dll
0x00007ffef1b90000 - 0x00007ffef1d24000 	C:\WINDOWS\System32\USER32.dll
0x00007ffeef800000 - 0x00007ffeef821000 	C:\WINDOWS\System32\win32u.dll
0x00007ffef2090000 - 0x00007ffef20b6000 	C:\WINDOWS\System32\GDI32.dll
0x00007ffeef310000 - 0x00007ffeef4a4000 	C:\WINDOWS\System32\gdi32full.dll
0x00007ffef0200000 - 0x00007ffef029e000 	C:\WINDOWS\System32\msvcp_win.dll
0x00007ffef0100000 - 0x00007ffef01fa000 	C:\WINDOWS\System32\ucrtbase.dll
0x00007ffeddd40000 - 0x00007ffeddfc4000 	C:\WINDOWS\WinSxS\amd64_microsoft.windows.common-controls_6595b64144ccf1df_6.0.18362.836_none_e6c4b943130f18ed\COMCTL32.dll
0x00007ffef0420000 - 0x00007ffef0756000 	C:\WINDOWS\System32\combase.dll
0x00007ffeef290000 - 0x00007ffeef310000 	C:\WINDOWS\System32\bcryptPrimitives.dll
0x00007ffef1900000 - 0x00007ffef192e000 	C:\WINDOWS\System32\IMM32.DLL
0x0000000050730000 - 0x0000000050802000 	D:\Program Files\Java\jdk1.8.0_171\jre\bin\msvcr100.dll
0x0000000076630000 - 0x0000000076ed0000 	D:\Program Files\Java\jdk1.8.0_171\jre\bin\server\jvm.dll
0x00007ffef21e0000 - 0x00007ffef21e8000 	C:\WINDOWS\System32\PSAPI.DLL
0x00007ffee0be0000 - 0x00007ffee0be9000 	C:\WINDOWS\SYSTEM32\WSOCK32.dll
0x00007ffef1dd0000 - 0x00007ffef1e3f000 	C:\WINDOWS\System32\WS2_32.dll
0x00007ffeeb310000 - 0x00007ffeeb31a000 	C:\WINDOWS\SYSTEM32\VERSION.dll
0x00007ffee61c0000 - 0x00007ffee61e4000 	C:\WINDOWS\SYSTEM32\WINMM.dll
0x00007ffee5f70000 - 0x00007ffee5f9d000 	C:\WINDOWS\SYSTEM32\WINMMBASE.dll
0x00007ffeef780000 - 0x00007ffeef7ca000 	C:\WINDOWS\System32\cfgmgr32.dll
0x0000000050720000 - 0x000000005072f000 	D:\Program Files\Java\jdk1.8.0_171\jre\bin\verify.dll
0x00000000506f0000 - 0x0000000050719000 	D:\Program Files\Java\jdk1.8.0_171\jre\bin\java.dll
0x00000000506a0000 - 0x00000000506c3000 	D:\Program Files\Java\jdk1.8.0_171\jre\bin\instrument.dll
0x00000000506d0000 - 0x00000000506e6000 	D:\Program Files\Java\jdk1.8.0_171\jre\bin\zip.dll
0x00007ffef0760000 - 0x00007ffef0e44000 	C:\WINDOWS\System32\SHELL32.dll
0x00007ffef0ed0000 - 0x00007ffef0f79000 	C:\WINDOWS\System32\shcore.dll
0x00007ffeef980000 - 0x00007ffef00fe000 	C:\WINDOWS\System32\windows.storage.dll
0x00007ffeef210000 - 0x00007ffeef233000 	C:\WINDOWS\System32\profapi.dll
0x00007ffeef240000 - 0x00007ffeef28a000 	C:\WINDOWS\System32\powrprof.dll
0x00007ffeef1c0000 - 0x00007ffeef1d0000 	C:\WINDOWS\System32\UMPDC.dll
0x00007ffef1e40000 - 0x00007ffef1e92000 	C:\WINDOWS\System32\shlwapi.dll
0x00007ffeef1f0000 - 0x00007ffeef201000 	C:\WINDOWS\System32\kernel.appcore.dll
0x00007ffeef760000 - 0x00007ffeef777000 	C:\WINDOWS\System32\cryptsp.dll
0x00007ffed8f90000 - 0x00007ffed8faa000 	D:\IntelliJ IDEA 2018.1.2\bin\breakgen64.dll
0x0000000050680000 - 0x000000005069a000 	D:\Program Files\Java\jdk1.8.0_171\jre\bin\net.dll
0x00007ffeeea30000 - 0x00007ffeeea97000 	C:\WINDOWS\system32\mswsock.dll
0x0000000050650000 - 0x000000005065d000 	D:\Program Files\Java\jdk1.8.0_171\jre\bin\management.dll
0x0000000050660000 - 0x0000000050671000 	D:\Program Files\Java\jdk1.8.0_171\jre\bin\nio.dll
0x00007ffee3610000 - 0x00007ffee3626000 	C:\WINDOWS\system32\napinsp.dll
0x00007ffee2d60000 - 0x00007ffee2d7a000 	C:\WINDOWS\system32\pnrpnsp.dll
0x00007ffeee780000 - 0x00007ffeee84b000 	C:\WINDOWS\SYSTEM32\DNSAPI.dll
0x00007ffef10c0000 - 0x00007ffef10c8000 	C:\WINDOWS\System32\NSI.dll
0x00007ffeee740000 - 0x00007ffeee77a000 	C:\WINDOWS\SYSTEM32\IPHLPAPI.DLL
0x00007ffee2c90000 - 0x00007ffee2c9e000 	C:\WINDOWS\System32\winrnr.dll
0x00007ffee9640000 - 0x00007ffee965c000 	C:\WINDOWS\system32\NLAapi.dll
0x00007ffee2d20000 - 0x00007ffee2d35000 	C:\WINDOWS\system32\wshbth.dll
0x00007ffee7030000 - 0x00007ffee703a000 	C:\Windows\System32\rasadhlp.dll
0x00007ffee81c0000 - 0x00007ffee8237000 	C:\WINDOWS\System32\fwpuclnt.dll
0x00007ffeef7d0000 - 0x00007ffeef7f6000 	C:\WINDOWS\System32\bcrypt.dll
0x00007ffeee5a0000 - 0x00007ffeee5d3000 	C:\WINDOWS\system32\rsaenh.dll
0x00007ffeef0e0000 - 0x00007ffeef105000 	C:\WINDOWS\SYSTEM32\USERENV.dll
0x00007ffeeec00000 - 0x00007ffeeec0c000 	C:\WINDOWS\SYSTEM32\CRYPTBASE.dll
0x00007ffee8600000 - 0x00007ffee8616000 	C:\WINDOWS\SYSTEM32\dhcpcsvc6.DLL
0x00007ffee85e0000 - 0x00007ffee85fc000 	C:\WINDOWS\SYSTEM32\dhcpcsvc.DLL

VM Arguments:
jvm_args: -Xmx256m -Xms256m -XX:TieredStopAtLevel=1 -Xverify:none -Dspring.output.ansi.enabled=always -Dcom.sun.management.jmxremote -Dcom.sun.management.jmxremote.port=11418 -Dcom.sun.management.jmxremote.authenticate=false -Dcom.sun.management.jmxremote.ssl=false -Djava.rmi.server.hostname=localhost -Dspring.liveBeansView.mbeanDomain -Dspring.application.admin.enabled=true -javaagent:D:\IntelliJ IDEA 2018.1.2\lib\idea_rt.jar=11419:D:\IntelliJ IDEA 2018.1.2\bin -Dfile.encoding=UTF-8 
java_command: com.leilei.client.ClientApp
java_class_path (initial): D:\Program Files\Java\jdk1.8.0_171\jre\lib\charsets.jar;D:\Program Files\Java\jdk1.8.0_171\jre\lib\deploy.jar;D:\Program Files\Java\jdk1.8.0_171\jre\lib\ext\access-bridge-64.jar;D:\Program Files\Java\jdk1.8.0_171\jre\lib\ext\cldrdata.jar;D:\Program Files\Java\jdk1.8.0_171\jre\lib\ext\dnsns.jar;D:\Program Files\Java\jdk1.8.0_171\jre\lib\ext\jaccess.jar;D:\Program Files\Java\jdk1.8.0_171\jre\lib\ext\jfxrt.jar;D:\Program Files\Java\jdk1.8.0_171\jre\lib\ext\localedata.jar;D:\Program Files\Java\jdk1.8.0_171\jre\lib\ext\nashorn.jar;D:\Program Files\Java\jdk1.8.0_171\jre\lib\ext\sunec.jar;D:\Program Files\Java\jdk1.8.0_171\jre\lib\ext\sunjce_provider.jar;D:\Program Files\Java\jdk1.8.0_171\jre\lib\ext\sunmscapi.jar;D:\Program Files\Java\jdk1.8.0_171\jre\lib\ext\sunpkcs11.jar;D:\Program Files\Java\jdk1.8.0_171\jre\lib\ext\zipfs.jar;D:\Program Files\Java\jdk1.8.0_171\jre\lib\javaws.jar;D:\Program Files\Java\jdk1.8.0_171\jre\lib\jce.jar;D:\Program Files\Java\jdk1.8.0_171\jre\lib\jfr.jar;D:\Program Files\Java\jdk1.8.0_171\jre\lib\jfxswt.jar;D:\Program Files\Java\jdk1.8.0_171\jre\lib\jsse.jar;D:\Program Files\Java\jdk1.8.0_171\jre\lib\management-agent.jar;D:\Program Files\Java\jdk1.8.0_171\jre\lib\plugin.jar;D:\Program Files\Java\jdk1.8.0_171\jre\lib\resources.jar;D:\Program Files\Java\jdk1.8.0_171\jre\lib\rt.jar;D:\reservationSystem\client\target\classes;C:\Users\Administrator\.m2\repository\org\springframework\cloud\spring-cloud-starter-openfeign\2.2.1.RELEASE\spring-cloud-starter-openfeign-2.2.1.RELEASE.jar;C:\Users\Administrator\.m2\repository\org\springframework\cloud\spring-cloud-starter\2.2.1.RELEASE\spring-cloud-starter-2.2.1.RELEASE.jar;C:\Users\Administrator\.m2\repository\org\springframework\security\spring-security-rsa\1.0.9.RELEASE\spring-security-rsa-1.0.9.RELEASE.jar;C:\Users\Administrator\.m2\repository\org\bouncycastle\bcpkix-jdk15on\1.64\bcpkix-jdk15on-1.64.jar;C:\Users\Administrator\.m2\repository\org\bouncycastle\bcprov-jdk15on\1.
Launcher Type: SUN_STANDARD

Environment Variables:
JAVA_HOME=D:\Program Files\Java\jdk1.8.0_171
CLASSPATH=.;D:\Program Files\Java\jdk1.8.0_171\lib;D:\Program Files\Java\jdk1.8.0_171\lib\tools.jar;D:\Program Files\Java\jdk1.8.0_171\lib\dt.jar;D:\apache-tomcat-9.0.6\bin;C:\Users\Administrator\Downloads\mysql-connector-java-8.0.11\mysql-connector-java-8.0.11;C:\Users\Administrator\Downloads\mysql-connector-java-5.1.46\mysql-connector-java-5.1.46
PATH=D:\Program Files (x86)\NetSarang\Xshell 6\;C:\Program Files\Python 3.5\Scripts\;C:\Program Files\Python 3.5\;C:\Program Files (x86)\Common Files\Oracle\Java\javapath;.;%JAVA_HOME%\bin;%JAVA_HOME%\jre\bin;C:\Program Files\Microsoft SQL Server\130\Tools\Binn\;C:\Program Files\dotnet\;C:\Program Files\Git\cmd;C:\Python31;C:\Windows\System32;C:\WINDOWS\system32;C:\WINDOWS;C:\WINDOWS\System32\Wbem;C:\WINDOWS\System32\WindowsPowerShell\v1.0\;C:\WINDOWS\System32\OpenSSH\;%M2_HOME%\bin;D:\Program Files\nodejs\;D:\Program Files\Java\jdk1.8.0_171\bin;D:\Program Files\Java\jdk1.8.0_171\jre\bin;C:\Users\Administrator\AppData\Local\Microsoft\WindowsApps;C:\Program Files (x86)\MySQL\MySQL Server 5.7\bin;C:\Users\Administrator\Desktop\assembly;D:\apache-maven-3.5.4\bin;C:\Users\Administrator\AppData\Local\GitHubDesktop\bin;C:\Users\Administrator\AppData\Roaming\npm;%USERPROFILE%\AppData\Local\Microsoft\WindowsApps;D:\Program Files\latex\miktex\bin\x64\
USERNAME=Administrator
OS=Windows_NT
PROCESSOR_IDENTIFIER=Intel64 Family 6 Model 158 Stepping 9, GenuineIntel



---------------  S Y S T E M  ---------------

OS: Windows 10.0 , 64 bit Build 18362 (10.0.18362.778)

CPU:total 8 (initial active 8) (4 cores per cpu, 2 threads per core) family 6 model 158 stepping 9, cmov, cx8, fxsr, mmx, sse, sse2, sse3, ssse3, sse4.1, sse4.2, popcnt, avx, avx2, aes, clmul, erms, 3dnowpref, lzcnt, ht, tsc, tscinvbit, bmi1, bmi2, adx

Memory: 4k page, physical 8238780k(873924k free), swap 10335932k(4084k free)

vm_info: Java HotSpot(TM) 64-Bit Server VM (25.171-b11) for windows-amd64 JRE (1.8.0_171-b11), built on Mar 28 2018 16:06:12 by "java_re" with MS VC++ 10.0 (VS2010)

time: Mon May 18 13:53:47 2020
elapsed time: 18 seconds (0d 0h 0m 18s)

