#
# There is insufficient memory for the Java Runtime Environment to continue.
# Native memory allocation (malloc) failed to allocate 32744 bytes for ChunkPool::allocate
# Possible reasons:
#   The system is out of physical RAM or swap space
#   In 32 bit mode, the process size limit was hit
# Possible solutions:
#   Reduce memory load on the system
#   Increase physical memory or swap space
#   Check if swap backing store is full
#   Use 64 bit Java on a 64 bit OS
#   Decrease Java heap size (-Xmx/-Xms)
#   Decrease number of Java threads
#   Decrease Java thread stack sizes (-Xss)
#   Set larger code cache with -XX:ReservedCodeCacheSize=
# This output file may be truncated or incomplete.
#
#  Out of Memory Error (allocation.cpp:273), pid=10496, tid=0x00000000000015e4
#
# JRE version: Java(TM) SE Runtime Environment (8.0_171-b11) (build 1.8.0_171-b11)
# Java VM: Java HotSpot(TM) 64-Bit Server VM (25.171-b11 mixed mode windows-amd64 compressed oops)
# Failed to write core dump. Minidumps are not enabled by default on client versions of Windows
#

---------------  T H R E A D  ---------------

Current thread (0x000000001766a800):  JavaThread "restartedMain" [_thread_in_native, id=5604, stack(0x00000000186d0000,0x00000000187d0000)]

Stack: [0x00000000186d0000,0x00000000187d0000]
[error occurred during error reporting (printing stack bounds), id 0xc0000005]

Native frames: (J=compiled Java code, j=interpreted, Vv=VM code, C=native code)

Java frames: (J=compiled Java code, j=interpreted, Vv=VM code)
j  sun.security.x509.AVA.toKeyword(ILjava/util/Map;)Ljava/lang/String;+6
j  sun.security.x509.AVA.toRFC2253CanonicalString()Ljava/lang/String;+16
j  sun.security.x509.RDN.toRFC2253StringInternal(ZLjava/util/Map;)Ljava/lang/String;+19
j  sun.security.x509.RDN.toRFC2253String(Z)Ljava/lang/String;+27
j  sun.security.x509.X500Name.getRFC2253CanonicalName()Ljava/lang/String;+79
j  sun.security.x509.X500Name.equals(Ljava/lang/Object;)Z+115
j  sun.security.pkcs.PKCS7.getCertificate(Ljava/math/BigInteger;Lsun/security/x509/X500Name;)Ljava/security/cert/X509Certificate;+60
j  sun.security.pkcs.SignerInfo.getCertificate(Lsun/security/pkcs/PKCS7;)Ljava/security/cert/X509Certificate;+9
j  sun.security.pkcs.SignerInfo.verify(Lsun/security/pkcs/PKCS7;[B)Lsun/security/pkcs/SignerInfo;+283
j  sun.security.pkcs.PKCS7.verify(Lsun/security/pkcs/SignerInfo;[B)Lsun/security/pkcs/SignerInfo;+3
j  sun.security.pkcs.PKCS7.verify([B)[Lsun/security/pkcs/SignerInfo;+27
j  sun.security.util.SignatureFileVerifier.processImpl(Ljava/util/Hashtable;Ljava/util/List;)V+59
j  sun.security.util.SignatureFileVerifier.process(Ljava/util/Hashtable;Ljava/util/List;)V+9
j  java.util.jar.JarVerifier.processEntry(Lsun/security/util/ManifestEntryVerifier;)V+384
j  java.util.jar.JarVerifier.update(I[BIILsun/security/util/ManifestEntryVerifier;)V+39
j  java.util.jar.JarFile.initializeVerifier()V+143
J 791 C1 java.util.jar.JarFile.getInputStream(Ljava/util/zip/ZipEntry;)Ljava/io/InputStream; (89 bytes) @ 0x0000000002f24d5c [0x0000000002f24c20+0x13c]
J 2644 C1 sun.net.www.protocol.jar.JarURLConnection.getInputStream()Ljava/io/InputStream; (97 bytes) @ 0x00000000031f687c [0x00000000031f67c0+0xbc]
j  java.net.URL.openStream()Ljava/io/InputStream;+4
j  org.springframework.boot.system.ApplicationHome.getStartClass(Ljava/util/Enumeration;)Ljava/lang/Class;+18
j  org.springframework.boot.system.ApplicationHome.getStartClass()Ljava/lang/Class;+15
j  org.springframework.boot.system.ApplicationHome.<init>(Ljava/lang/Class;)V+15
j  org.springframework.boot.system.ApplicationTemp.generateHash(Ljava/lang/Class;)[B+5
j  org.springframework.boot.system.ApplicationTemp.getDir()Ljava/io/File;+16
j  org.springframework.boot.system.ApplicationTemp.getDir(Ljava/lang/String;)Ljava/io/File;+5
j  org.springframework.boot.web.servlet.server.SessionStoreDirectory.getValidDirectory(Z)Ljava/io/File;+18
j  org.springframework.boot.web.servlet.server.AbstractServletWebServerFactory.getValidSessionStoreDir(Z)Ljava/io/File;+8
j  org.springframework.boot.web.servlet.server.AbstractServletWebServerFactory.getValidSessionStoreDir()Ljava/io/File;+2
j  org.springframework.boot.web.embedded.tomcat.TomcatServletWebServerFactory.configurePersistSession(Lorg/apache/catalina/Manager;)V+14
j  org.springframework.boot.web.embedded.tomcat.TomcatServletWebServerFactory.configureSession(Lorg/apache/catalina/Context;)V+84
j  org.springframework.boot.web.embedded.tomcat.TomcatServletWebServerFactory.configureContext(Lorg/apache/catalina/Context;[Lorg/springframework/boot/web/servlet/ServletContextInitializer;)V+275
j  org.springframework.boot.web.embedded.tomcat.TomcatServletWebServerFactory.prepareContext(Lorg/apache/catalina/Host;[Lorg/springframework/boot/web/servlet/ServletContextInitializer;)V+265
j  org.springframework.boot.web.embedded.tomcat.TomcatServletWebServerFactory.getWebServer([Lorg/springframework/boot/web/servlet/ServletContextInitializer;)Lorg/springframework/boot/web/server/WebServer;+160
j  org.springframework.boot.web.servlet.context.ServletWebServerApplicationContext.createWebServer()V+36
j  org.springframework.boot.web.servlet.context.ServletWebServerApplicationContext.onRefresh()V+5
j  org.springframework.context.support.AbstractApplicationContext.refresh()V+45
j  org.springframework.boot.web.servlet.context.ServletWebServerApplicationContext.refresh()V+1
j  org.springframework.boot.SpringApplication.refresh(Lorg/springframework/context/ApplicationContext;)V+10
j  org.springframework.boot.SpringApplication.refreshContext(Lorg/springframework/context/ConfigurableApplicationContext;)V+2
j  org.springframework.boot.SpringApplication.run([Ljava/lang/String;)Lorg/springframework/context/ConfigurableApplicationContext;+118
j  org.springframework.boot.SpringApplication.run([Ljava/lang/Class;[Ljava/lang/String;)Lorg/springframework/context/ConfigurableApplicationContext;+9
j  org.springframework.boot.SpringApplication.run(Ljava/lang/Class;[Ljava/lang/String;)Lorg/springframework/context/ConfigurableApplicationContext;+9
j  com.leilei.userserver.UserServer8001.main([Ljava/lang/String;)V+3
v  ~StubRoutines::call_stub
j  sun.reflect.NativeMethodAccessorImpl.invoke0(Ljava/lang/reflect/Method;Ljava/lang/Object;[Ljava/lang/Object;)Ljava/lang/Object;+0
j  sun.reflect.NativeMethodAccessorImpl.invoke(Ljava/lang/Object;[Ljava/lang/Object;)Ljava/lang/Object;+100
j  sun.reflect.DelegatingMethodAccessorImpl.invoke(Ljava/lang/Object;[Ljava/lang/Object;)Ljava/lang/Object;+6
j  java.lang.reflect.Method.invoke(Ljava/lang/Object;[Ljava/lang/Object;)Ljava/lang/Object;+56
j  org.springframework.boot.devtools.restart.RestartLauncher.run()V+41
v  ~StubRoutines::call_stub

---------------  P R O C E S S  ---------------

Java Threads: ( => current thread )
  0x00000000176c1000 JavaThread "RMI TCP Connection(2)-127.0.0.1" daemon [_thread_in_native, id=7072, stack(0x0000000018bd0000,0x0000000018cd0000)]
  0x00000000176bc000 JavaThread "RMI Scheduler(0)" daemon [_thread_blocked, id=11200, stack(0x0000000018ad0000,0x0000000018bd0000)]
  0x00000000176b1800 JavaThread "RMI TCP Connection(1)-127.0.0.1" daemon [_thread_in_native, id=12256, stack(0x00000000188d0000,0x00000000189d0000)]
=>0x000000001766a800 JavaThread "restartedMain" [_thread_in_native, id=5604, stack(0x00000000186d0000,0x00000000187d0000)]
  0x0000000017668000 JavaThread "Thread-1" [_thread_blocked, id=10616, stack(0x00000000185d0000,0x00000000186d0000)]
  0x00000000167e7000 JavaThread "RMI TCP Accept-0" daemon [_thread_in_native, id=13176, stack(0x0000000017150000,0x0000000017250000)]
  0x00000000167e2800 JavaThread "RMI TCP Accept-12531" daemon [_thread_in_native, id=15532, stack(0x0000000017050000,0x0000000017150000)]
  0x00000000167d4000 JavaThread "RMI TCP Accept-0" daemon [_thread_in_native, id=11564, stack(0x0000000016f50000,0x0000000017050000)]
  0x0000000016493800 JavaThread "Service Thread" daemon [_thread_blocked, id=6764, stack(0x0000000016e50000,0x0000000016f50000)]
  0x0000000016493000 JavaThread "C1 CompilerThread3" daemon [_thread_blocked, id=5032, stack(0x0000000016d50000,0x0000000016e50000)]
  0x00000000164f2000 JavaThread "C2 CompilerThread2" daemon [_thread_blocked, id=13264, stack(0x0000000016c50000,0x0000000016d50000)]
  0x00000000164ed000 JavaThread "C2 CompilerThread1" daemon [_thread_blocked, id=5600, stack(0x0000000016b50000,0x0000000016c50000)]
  0x00000000164ec800 JavaThread "C2 CompilerThread0" daemon [_thread_blocked, id=4700, stack(0x0000000016a50000,0x0000000016b50000)]
  0x00000000164e3800 JavaThread "Monitor Ctrl-Break" daemon [_thread_in_native, id=17736, stack(0x0000000016950000,0x0000000016a50000)]
  0x0000000015a8b000 JavaThread "Attach Listener" daemon [_thread_blocked, id=10132, stack(0x0000000016050000,0x0000000016150000)]
  0x0000000015a8a800 JavaThread "Signal Dispatcher" daemon [_thread_blocked, id=4836, stack(0x0000000015f50000,0x0000000016050000)]
  0x0000000015a11800 JavaThread "Finalizer" daemon [_thread_blocked, id=17256, stack(0x0000000015df0000,0x0000000015ef0000)]
  0x0000000013b11800 JavaThread "Reference Handler" daemon [_thread_blocked, id=3636, stack(0x00000000158f0000,0x00000000159f0000)]
  0x0000000002a25800 JavaThread "main" [_thread_blocked, id=8800, stack(0x0000000002920000,0x0000000002a20000)]

Other Threads:
  0x0000000013b08000 VMThread [stack: 0x00000000157f0000,0x00000000158f0000] [id=12332]
  0x00000000167e8000 WatcherThread [stack: 0x0000000017250000,0x0000000017350000] [id=15280]

VM state:not at safepoint (normal execution)

VM Mutex/Monitor currently owned by a thread: None

Heap:
 PSYoungGen      total 74752K, used 14736K [0x00000000fab00000, 0x0000000100000000, 0x0000000100000000)
  eden space 62464K, 14% used [0x00000000fab00000,0x00000000fb4102e8,0x00000000fe800000)
  from space 12288K, 44% used [0x00000000fe800000,0x00000000fed540a0,0x00000000ff400000)
  to   space 12288K, 0% used [0x00000000ff400000,0x00000000ff400000,0x0000000100000000)
 ParOldGen       total 175104K, used 12359K [0x00000000f0000000, 0x00000000fab00000, 0x00000000fab00000)
  object space 175104K, 7% used [0x00000000f0000000,0x00000000f0c11f78,0x00000000fab00000)
 Metaspace       used 34454K, capacity 36360K, committed 36608K, reserved 1081344K
  class space    used 4703K, capacity 5041K, committed 5120K, reserved 1048576K

Card table byte_map: [0x00000000024f0000,0x0000000002580000] byte_map_base: 0x0000000001d70000

Marking Bits: (ParMarkBitMap*) 0x0000000050ab08c0
 Begin Bits: [0x00000000128a0000, 0x0000000012ca0000)
 End Bits:   [0x0000000012ca0000, 0x00000000130a0000)

Polling page: 0x0000000000660000

CodeCache: size=245760Kb used=6645Kb max_used=6645Kb free=239114Kb
 bounds [0x0000000002ce0000, 0x0000000003360000, 0x0000000011ce0000]
 total_blobs=3803 nmethods=3370 adapters=344
 compilation: enabled

Compilation events (10 events):
Event: 12.737 Thread 0x0000000016493000 nmethod 3403 0x0000000003359e90 code [0x000000000335a040, 0x000000000335a408]
Event: 12.739 Thread 0x0000000016493000 3404  s    1       java.io.ByteArrayInputStream::available (10 bytes)
Event: 12.739 Thread 0x0000000016493000 nmethod 3404 0x000000000335a650 code [0x000000000335a7a0, 0x000000000335aa10]
Event: 12.740 Thread 0x0000000016493000 3405       1       java.io.ByteArrayOutputStream::ensureCapacity (16 bytes)
Event: 12.740 Thread 0x0000000016493000 nmethod 3405 0x000000000335aa90 code [0x000000000335abe0, 0x000000000335ad28]
Event: 12.740 Thread 0x0000000016493000 3406       1       java.io.ByteArrayInputStream::mark (9 bytes)
Event: 12.740 Thread 0x0000000016493000 nmethod 3406 0x000000000335add0 code [0x000000000335af20, 0x000000000335b030]
Event: 12.740 Thread 0x0000000016493000 3407       1       java.lang.reflect.Method::acquireMethodAccessor (44 bytes)
Event: 12.741 Thread 0x0000000016493000 nmethod 3407 0x000000000335b090 code [0x000000000335b200, 0x000000000335b438]
Event: 12.741 Thread 0x0000000016493000 3409       1       sun.security.util.DerInputStream::getLength (243 bytes)

GC Heap History (10 events):
Event: 11.723 GC heap before
{Heap before GC invocations=7 (full 1):
 PSYoungGen      total 71680K, used 71374K [0x00000000fab00000, 0x0000000100000000, 0x0000000100000000)
  eden space 65536K, 100% used [0x00000000fab00000,0x00000000feb00000,0x00000000feb00000)
  from space 6144K, 95% used [0x00000000feb00000,0x00000000ff0b3ba0,0x00000000ff100000)
  to   space 12288K, 0% used [0x00000000ff400000,0x00000000ff400000,0x0000000100000000)
 ParOldGen       total 175104K, used 9981K [0x00000000f0000000, 0x00000000fab00000, 0x00000000fab00000)
  object space 175104K, 5% used [0x00000000f0000000,0x00000000f09bf6a0,0x00000000fab00000)
 Metaspace       used 27018K, capacity 28246K, committed 28288K, reserved 1073152K
  class space    used 3666K, capacity 3945K, committed 3968K, reserved 1048576K
Event: 11.727 GC heap after
Heap after GC invocations=7 (full 1):
 PSYoungGen      total 74752K, used 6295K [0x00000000fab00000, 0x0000000100000000, 0x0000000100000000)
  eden space 62464K, 0% used [0x00000000fab00000,0x00000000fab00000,0x00000000fe800000)
  from space 12288K, 51% used [0x00000000ff400000,0x00000000ffa25e08,0x0000000100000000)
  to   space 12288K, 0% used [0x00000000fe800000,0x00000000fe800000,0x00000000ff400000)
 ParOldGen       total 175104K, used 9989K [0x00000000f0000000, 0x00000000fab00000, 0x00000000fab00000)
  object space 175104K, 5% used [0x00000000f0000000,0x00000000f09c16a0,0x00000000fab00000)
 Metaspace       used 27018K, capacity 28246K, committed 28288K, reserved 1073152K
  class space    used 3666K, capacity 3945K, committed 3968K, reserved 1048576K
}
Event: 12.084 GC heap before
{Heap before GC invocations=8 (full 1):
 PSYoungGen      total 74752K, used 68759K [0x00000000fab00000, 0x0000000100000000, 0x0000000100000000)
  eden space 62464K, 100% used [0x00000000fab00000,0x00000000fe800000,0x00000000fe800000)
  from space 12288K, 51% used [0x00000000ff400000,0x00000000ffa25e08,0x0000000100000000)
  to   space 12288K, 0% used [0x00000000fe800000,0x00000000fe800000,0x00000000ff400000)
 ParOldGen       total 175104K, used 9989K [0x00000000f0000000, 0x00000000fab00000, 0x00000000fab00000)
  object space 175104K, 5% used [0x00000000f0000000,0x00000000f09c16a0,0x00000000fab00000)
 Metaspace       used 29286K, capacity 30682K, committed 30720K, reserved 1075200K
  class space    used 4031K, capacity 4337K, committed 4352K, reserved 1048576K
Event: 12.090 GC heap after
Heap after GC invocations=8 (full 1):
 PSYoungGen      total 74752K, used 8974K [0x00000000fab00000, 0x0000000100000000, 0x0000000100000000)
  eden space 62464K, 0% used [0x00000000fab00000,0x00000000fab00000,0x00000000fe800000)
  from space 12288K, 73% used [0x00000000fe800000,0x00000000ff0c38a8,0x00000000ff400000)
  to   space 12288K, 0% used [0x00000000ff400000,0x00000000ff400000,0x0000000100000000)
 ParOldGen       total 175104K, used 9997K [0x00000000f0000000, 0x00000000fab00000, 0x00000000fab00000)
  object space 175104K, 5% used [0x00000000f0000000,0x00000000f09c36a0,0x00000000fab00000)
 Metaspace       used 29286K, capacity 30682K, committed 30720K, reserved 1075200K
  class space    used 4031K, capacity 4337K, committed 4352K, reserved 1048576K
}
Event: 12.226 GC heap before
{Heap before GC invocations=9 (full 1):
 PSYoungGen      total 74752K, used 23411K [0x00000000fab00000, 0x0000000100000000, 0x0000000100000000)
  eden space 62464K, 23% used [0x00000000fab00000,0x00000000fb919590,0x00000000fe800000)
  from space 12288K, 73% used [0x00000000fe800000,0x00000000ff0c38a8,0x00000000ff400000)
  to   space 12288K, 0% used [0x00000000ff400000,0x00000000ff400000,0x0000000100000000)
 ParOldGen       total 175104K, used 9997K [0x00000000f0000000, 0x00000000fab00000, 0x00000000fab00000)
  object space 175104K, 5% used [0x00000000f0000000,0x00000000f09c36a0,0x00000000fab00000)
 Metaspace       used 29649K, capacity 31014K, committed 31104K, reserved 1079296K
  class space    used 4099K, capacity 4403K, committed 4480K, reserved 1048576K
Event: 12.230 GC heap after
Heap after GC invocations=9 (full 1):
 PSYoungGen      total 74752K, used 5265K [0x00000000fab00000, 0x0000000100000000, 0x0000000100000000)
  eden space 62464K, 0% used [0x00000000fab00000,0x00000000fab00000,0x00000000fe800000)
  from space 12288K, 42% used [0x00000000ff400000,0x00000000ff924678,0x0000000100000000)
  to   space 12288K, 0% used [0x00000000fe800000,0x00000000fe800000,0x00000000ff400000)
 ParOldGen       total 175104K, used 11698K [0x00000000f0000000, 0x00000000fab00000, 0x00000000fab00000)
  object space 175104K, 6% used [0x00000000f0000000,0x00000000f0b6ca88,0x00000000fab00000)
 Metaspace       used 29649K, capacity 31014K, committed 31104K, reserved 1079296K
  class space    used 4099K, capacity 4403K, committed 4480K, reserved 1048576K
}
Event: 12.230 GC heap before
{Heap before GC invocations=10 (full 2):
 PSYoungGen      total 74752K, used 5265K [0x00000000fab00000, 0x0000000100000000, 0x0000000100000000)
  eden space 62464K, 0% used [0x00000000fab00000,0x00000000fab00000,0x00000000fe800000)
  from space 12288K, 42% used [0x00000000ff400000,0x00000000ff924678,0x0000000100000000)
  to   space 12288K, 0% used [0x00000000fe800000,0x00000000fe800000,0x00000000ff400000)
 ParOldGen       total 175104K, used 11698K [0x00000000f0000000, 0x00000000fab00000, 0x00000000fab00000)
  object space 175104K, 6% used [0x00000000f0000000,0x00000000f0b6ca88,0x00000000fab00000)
 Metaspace       used 29649K, capacity 31014K, committed 31104K, reserved 1079296K
  class space    used 4099K, capacity 4403K, committed 4480K, reserved 1048576K
Event: 12.269 GC heap after
Heap after GC invocations=10 (full 2):
 PSYoungGen      total 74752K, used 0K [0x00000000fab00000, 0x0000000100000000, 0x0000000100000000)
  eden space 62464K, 0% used [0x00000000fab00000,0x00000000fab00000,0x00000000fe800000)
  from space 12288K, 0% used [0x00000000ff400000,0x00000000ff400000,0x0000000100000000)
  to   space 12288K, 0% used [0x00000000fe800000,0x00000000fe800000,0x00000000ff400000)
 ParOldGen       total 175104K, used 12351K [0x00000000f0000000, 0x00000000fab00000, 0x00000000fab00000)
  object space 175104K, 7% used [0x00000000f0000000,0x00000000f0c0ff78,0x00000000fab00000)
 Metaspace       used 29649K, capacity 31014K, committed 31104K, reserved 1077248K
  class space    used 4099K, capacity 4403K, committed 4480K, reserved 1048576K
}
Event: 12.677 GC heap before
{Heap before GC invocations=11 (full 2):
 PSYoungGen      total 74752K, used 62464K [0x00000000fab00000, 0x0000000100000000, 0x0000000100000000)
  eden space 62464K, 100% used [0x00000000fab00000,0x00000000fe800000,0x00000000fe800000)
  from space 12288K, 0% used [0x00000000ff400000,0x00000000ff400000,0x0000000100000000)
  to   space 12288K, 0% used [0x00000000fe800000,0x00000000fe800000,0x00000000ff400000)
 ParOldGen       total 175104K, used 12351K [0x00000000f0000000, 0x00000000fab00000, 0x00000000fab00000)
  object space 175104K, 7% used [0x00000000f0000000,0x00000000f0c0ff78,0x00000000fab00000)
 Metaspace       used 33366K, capacity 35286K, committed 35456K, reserved 1079296K
  class space    used 4586K, capacity 4942K, committed 4992K, reserved 1048576K
Event: 12.682 GC heap after
Heap after GC invocations=11 (full 2):
 PSYoungGen      total 74752K, used 5456K [0x00000000fab00000, 0x0000000100000000, 0x0000000100000000)
  eden space 62464K, 0% used [0x00000000fab00000,0x00000000fab00000,0x00000000fe800000)
  from space 12288K, 44% used [0x00000000fe800000,0x00000000fed540a0,0x00000000ff400000)
  to   space 12288K, 0% used [0x00000000ff400000,0x00000000ff400000,0x0000000100000000)
 ParOldGen       total 175104K, used 12359K [0x00000000f0000000, 0x00000000fab00000, 0x00000000fab00000)
  object space 175104K, 7% used [0x00000000f0000000,0x00000000f0c11f78,0x00000000fab00000)
 Metaspace       used 33366K, capacity 35286K, committed 35456K, reserved 1079296K
  class space    used 4586K, capacity 4942K, committed 4992K, reserved 1048576K
}

Deoptimization events (0 events):
No events

Classes redefined (0 events):
No events

Internal exceptions (10 events):
Event: 12.578 Thread 0x000000001766a800 Exception <a 'java/lang/ArrayIndexOutOfBoundsException'> (0x00000000fd5bed40) thrown at [C:\re\workspace\8-2-build-windows-amd64-cygwin\jdk8u171\10807\hotspot\src\share\vm\runtime\sharedRuntime.cpp, line 605]
Event: 12.578 Thread 0x000000001766a800 Exception <a 'java/lang/ArrayIndexOutOfBoundsException'> (0x00000000fd5c0088) thrown at [C:\re\workspace\8-2-build-windows-amd64-cygwin\jdk8u171\10807\hotspot\src\share\vm\runtime\sharedRuntime.cpp, line 605]
Event: 12.579 Thread 0x000000001766a800 Exception <a 'java/lang/ArrayIndexOutOfBoundsException'> (0x00000000fd5d4330) thrown at [C:\re\workspace\8-2-build-windows-amd64-cygwin\jdk8u171\10807\hotspot\src\share\vm\runtime\sharedRuntime.cpp, line 605]
Event: 12.585 Thread 0x000000001766a800 Exception <a 'java/lang/ArrayIndexOutOfBoundsException'> (0x00000000fd696828) thrown at [C:\re\workspace\8-2-build-windows-amd64-cygwin\jdk8u171\10807\hotspot\src\share\vm\runtime\sharedRuntime.cpp, line 605]
Event: 12.585 Thread 0x000000001766a800 Exception <a 'java/lang/ArrayIndexOutOfBoundsException'> (0x00000000fd69fd08) thrown at [C:\re\workspace\8-2-build-windows-amd64-cygwin\jdk8u171\10807\hotspot\src\share\vm\runtime\sharedRuntime.cpp, line 605]
Event: 12.587 Thread 0x000000001766a800 Exception <a 'java/lang/NoSuchMethodError': java.lang.Object.lambda$and$0(Ljava/util/function/Predicate;Ljava/lang/Object;)Z> (0x00000000fd6d2be0) thrown at [C:\re\workspace\8-2-build-windows-amd64-cygwin\jdk8u171\10807\hotspot\src\share\vm\interpreter\li
Event: 12.595 Thread 0x000000001766a800 Exception <a 'java/lang/ArrayIndexOutOfBoundsException'> (0x00000000fd79e350) thrown at [C:\re\workspace\8-2-build-windows-amd64-cygwin\jdk8u171\10807\hotspot\src\share\vm\runtime\sharedRuntime.cpp, line 605]
Event: 12.623 Thread 0x000000001766a800 Exception <a 'java/lang/ArrayIndexOutOfBoundsException'> (0x00000000fdac4b38) thrown at [C:\re\workspace\8-2-build-windows-amd64-cygwin\jdk8u171\10807\hotspot\src\share\vm\runtime\sharedRuntime.cpp, line 605]
Event: 12.623 Thread 0x000000001766a800 Exception <a 'java/lang/ArrayIndexOutOfBoundsException'> (0x00000000fdac5e80) thrown at [C:\re\workspace\8-2-build-windows-amd64-cygwin\jdk8u171\10807\hotspot\src\share\vm\runtime\sharedRuntime.cpp, line 605]
Event: 12.623 Thread 0x000000001766a800 Exception <a 'java/lang/ArrayIndexOutOfBoundsException'> (0x00000000fdac76c8) thrown at [C:\re\workspace\8-2-build-windows-amd64-cygwin\jdk8u171\10807\hotspot\src\share\vm\runtime\sharedRuntime.cpp, line 605]

Events (10 events):
Event: 12.739 loading class sun/security/provider/DSAPublicKeyImpl done
Event: 12.740 loading class sun/security/x509/BasicConstraintsExtension
Event: 12.740 loading class sun/security/x509/BasicConstraintsExtension done
Event: 12.740 loading class sun/security/pkcs/SignerInfo
Event: 12.740 loading class sun/security/pkcs/SignerInfo done
Event: 12.740 loading class java/security/CryptoPrimitive
Event: 12.740 loading class java/security/CryptoPrimitive done
Event: 12.741 loading class sun/security/util/ConstraintsParameters
Event: 12.741 loading class sun/security/util/ConstraintsParameters done
Event: 12.742 loading class sun/security/x509/AVAKeyword


Dynamic libraries:
0x00007ff68bbb0000 - 0x00007ff68bbe7000 	D:\Program Files\Java\jdk1.8.0_171\bin\java.exe
0x00007ff853400000 - 0x00007ff8535f0000 	C:\WINDOWS\SYSTEM32\ntdll.dll
0x00007ff8531a0000 - 0x00007ff853252000 	C:\WINDOWS\System32\KERNEL32.DLL
0x00007ff851190000 - 0x00007ff851433000 	C:\WINDOWS\System32\KERNELBASE.dll
0x00007ff851ea0000 - 0x00007ff851f43000 	C:\WINDOWS\System32\ADVAPI32.dll
0x00007ff8517b0000 - 0x00007ff85184e000 	C:\WINDOWS\System32\msvcrt.dll
0x00007ff851cc0000 - 0x00007ff851d57000 	C:\WINDOWS\System32\sechost.dll
0x00007ff853080000 - 0x00007ff8531a0000 	C:\WINDOWS\System32\RPCRT4.dll
0x00007ff851610000 - 0x00007ff8517a4000 	C:\WINDOWS\System32\USER32.dll
0x00007ff8504b0000 - 0x00007ff8504d1000 	C:\WINDOWS\System32\win32u.dll
0x00007ff8528f0000 - 0x00007ff852916000 	C:\WINDOWS\System32\GDI32.dll
0x00007ff8505c0000 - 0x00007ff850754000 	C:\WINDOWS\System32\gdi32full.dll
0x00007ff850390000 - 0x00007ff85042e000 	C:\WINDOWS\System32\msvcp_win.dll
0x00007ff850910000 - 0x00007ff850a0a000 	C:\WINDOWS\System32\ucrtbase.dll
0x00007ff8409c0000 - 0x00007ff840c45000 	C:\WINDOWS\WinSxS\amd64_microsoft.windows.common-controls_6595b64144ccf1df_6.0.18362.720_none_e6beb5c51314836b\COMCTL32.dll
0x00007ff852c90000 - 0x00007ff852fc6000 	C:\WINDOWS\System32\combase.dll
0x00007ff850430000 - 0x00007ff8504b0000 	C:\WINDOWS\System32\bcryptPrimitives.dll
0x00007ff8514b0000 - 0x00007ff8514de000 	C:\WINDOWS\System32\IMM32.DLL
0x0000000052000000 - 0x00000000520d2000 	D:\Program Files\Java\jdk1.8.0_171\jre\bin\msvcr100.dll
0x0000000050290000 - 0x0000000050b30000 	D:\Program Files\Java\jdk1.8.0_171\jre\bin\server\jvm.dll
0x00007ff852920000 - 0x00007ff852928000 	C:\WINDOWS\System32\PSAPI.DLL
0x00007ff84dec0000 - 0x00007ff84dee4000 	C:\WINDOWS\SYSTEM32\WINMM.dll
0x00007ff8485a0000 - 0x00007ff8485aa000 	C:\WINDOWS\SYSTEM32\VERSION.dll
0x00007ff838730000 - 0x00007ff838739000 	C:\WINDOWS\SYSTEM32\WSOCK32.dll
0x00007ff852ab0000 - 0x00007ff852b1f000 	C:\WINDOWS\System32\WS2_32.dll
0x00007ff84dcb0000 - 0x00007ff84dcdd000 	C:\WINDOWS\SYSTEM32\winmmbase.dll
0x00007ff851440000 - 0x00007ff85148a000 	C:\WINDOWS\System32\cfgmgr32.dll
0x0000000051ff0000 - 0x0000000051fff000 	D:\Program Files\Java\jdk1.8.0_171\jre\bin\verify.dll
0x0000000051fc0000 - 0x0000000051fe9000 	D:\Program Files\Java\jdk1.8.0_171\jre\bin\java.dll
0x0000000051e90000 - 0x0000000051eb3000 	D:\Program Files\Java\jdk1.8.0_171\jre\bin\instrument.dll
0x0000000051fa0000 - 0x0000000051fb6000 	D:\Program Files\Java\jdk1.8.0_171\jre\bin\zip.dll
0x00007ff8521a0000 - 0x00007ff852885000 	C:\WINDOWS\System32\SHELL32.dll
0x00007ff852fd0000 - 0x00007ff853079000 	C:\WINDOWS\System32\shcore.dll
0x00007ff850a10000 - 0x00007ff851190000 	C:\WINDOWS\System32\windows.storage.dll
0x00007ff850310000 - 0x00007ff850333000 	C:\WINDOWS\System32\profapi.dll
0x00007ff850340000 - 0x00007ff85038a000 	C:\WINDOWS\System32\powrprof.dll
0x00007ff8502c0000 - 0x00007ff8502d0000 	C:\WINDOWS\System32\UMPDC.dll
0x00007ff852890000 - 0x00007ff8528e2000 	C:\WINDOWS\System32\shlwapi.dll
0x00007ff8502f0000 - 0x00007ff850301000 	C:\WINDOWS\System32\kernel.appcore.dll
0x00007ff851490000 - 0x00007ff8514a7000 	C:\WINDOWS\System32\cryptsp.dll
0x00007ff849960000 - 0x00007ff84997a000 	D:\IntelliJ IDEA 2018.1.2\bin\breakgen64.dll
0x0000000051e40000 - 0x0000000051e5a000 	D:\Program Files\Java\jdk1.8.0_171\jre\bin\net.dll
0x00007ff84fb30000 - 0x00007ff84fb97000 	C:\WINDOWS\system32\mswsock.dll
0x0000000051e80000 - 0x0000000051e8d000 	D:\Program Files\Java\jdk1.8.0_171\jre\bin\management.dll
0x0000000051e20000 - 0x0000000051e31000 	D:\Program Files\Java\jdk1.8.0_171\jre\bin\nio.dll
0x00007ff8374c0000 - 0x00007ff8374d6000 	C:\WINDOWS\system32\napinsp.dll
0x00007ff8374a0000 - 0x00007ff8374ba000 	C:\WINDOWS\system32\pnrpnsp.dll
0x00007ff84f880000 - 0x00007ff84f94a000 	C:\WINDOWS\SYSTEM32\DNSAPI.dll
0x00007ff853330000 - 0x00007ff853338000 	C:\WINDOWS\System32\NSI.dll
0x00007ff84f840000 - 0x00007ff84f87a000 	C:\WINDOWS\SYSTEM32\IPHLPAPI.DLL
0x00007ff838560000 - 0x00007ff83856e000 	C:\WINDOWS\System32\winrnr.dll
0x00007ff84c9f0000 - 0x00007ff84ca0c000 	C:\WINDOWS\system32\NLAapi.dll
0x00007ff838540000 - 0x00007ff838555000 	C:\WINDOWS\system32\wshbth.dll
0x00007ff842a50000 - 0x00007ff842a5a000 	C:\Windows\System32\rasadhlp.dll
0x00007ff843e50000 - 0x00007ff843ec7000 	C:\WINDOWS\System32\fwpuclnt.dll
0x00007ff8504e0000 - 0x00007ff850506000 	C:\WINDOWS\System32\bcrypt.dll
0x00007ff84f6a0000 - 0x00007ff84f6d3000 	C:\WINDOWS\system32\rsaenh.dll
0x00007ff8501e0000 - 0x00007ff850205000 	C:\WINDOWS\SYSTEM32\USERENV.dll
0x00007ff84fd00000 - 0x00007ff84fd0c000 	C:\WINDOWS\SYSTEM32\CRYPTBASE.dll
0x00007ff844440000 - 0x00007ff844456000 	C:\WINDOWS\SYSTEM32\dhcpcsvc6.DLL
0x00007ff844420000 - 0x00007ff84443c000 	C:\WINDOWS\SYSTEM32\dhcpcsvc.DLL

VM Arguments:
jvm_args: -Xmx256m -Xms256m -XX:TieredStopAtLevel=1 -Xverify:none -Dspring.output.ansi.enabled=always -Dcom.sun.management.jmxremote -Dcom.sun.management.jmxremote.port=12531 -Dcom.sun.management.jmxremote.authenticate=false -Dcom.sun.management.jmxremote.ssl=false -Djava.rmi.server.hostname=localhost -Dspring.liveBeansView.mbeanDomain -Dspring.application.admin.enabled=true -javaagent:D:\IntelliJ IDEA 2018.1.2\lib\idea_rt.jar=12532:D:\IntelliJ IDEA 2018.1.2\bin -Dfile.encoding=UTF-8 
java_command: com.leilei.userserver.UserServer8001
java_class_path (initial): D:\Program Files\Java\jdk1.8.0_171\jre\lib\charsets.jar;D:\Program Files\Java\jdk1.8.0_171\jre\lib\deploy.jar;D:\Program Files\Java\jdk1.8.0_171\jre\lib\ext\access-bridge-64.jar;D:\Program Files\Java\jdk1.8.0_171\jre\lib\ext\cldrdata.jar;D:\Program Files\Java\jdk1.8.0_171\jre\lib\ext\dnsns.jar;D:\Program Files\Java\jdk1.8.0_171\jre\lib\ext\jaccess.jar;D:\Program Files\Java\jdk1.8.0_171\jre\lib\ext\jfxrt.jar;D:\Program Files\Java\jdk1.8.0_171\jre\lib\ext\localedata.jar;D:\Program Files\Java\jdk1.8.0_171\jre\lib\ext\nashorn.jar;D:\Program Files\Java\jdk1.8.0_171\jre\lib\ext\sunec.jar;D:\Program Files\Java\jdk1.8.0_171\jre\lib\ext\sunjce_provider.jar;D:\Program Files\Java\jdk1.8.0_171\jre\lib\ext\sunmscapi.jar;D:\Program Files\Java\jdk1.8.0_171\jre\lib\ext\sunpkcs11.jar;D:\Program Files\Java\jdk1.8.0_171\jre\lib\ext\zipfs.jar;D:\Program Files\Java\jdk1.8.0_171\jre\lib\javaws.jar;D:\Program Files\Java\jdk1.8.0_171\jre\lib\jce.jar;D:\Program Files\Java\jdk1.8.0_171\jre\lib\jfr.jar;D:\Program Files\Java\jdk1.8.0_171\jre\lib\jfxswt.jar;D:\Program Files\Java\jdk1.8.0_171\jre\lib\jsse.jar;D:\Program Files\Java\jdk1.8.0_171\jre\lib\management-agent.jar;D:\Program Files\Java\jdk1.8.0_171\jre\lib\plugin.jar;D:\Program Files\Java\jdk1.8.0_171\jre\lib\resources.jar;D:\Program Files\Java\jdk1.8.0_171\jre\lib\rt.jar;D:\reservationSystem\UserServer\target\classes;D:\reservationSystem\reservationAPI\target\classes;C:\Users\Administrator\.m2\repository\org\projectlombok\lombok\1.18.10\lombok-1.18.10.jar;C:\Users\Administrator\.m2\repository\org\springframework\cloud\spring-cloud-starter-openfeign\2.2.1.RELEASE\spring-cloud-starter-openfeign-2.2.1.RELEASE.jar;C:\Users\Administrator\.m2\repository\org\springframework\cloud\spring-cloud-openfeign-core\2.2.1.RELEASE\spring-cloud-openfeign-core-2.2.1.RELEASE.jar;C:\Users\Administrator\.m2\repository\io\github\openfeign\form\feign-form-spring\3.8.0\feign-form-spring-3.8.0.jar;C:\Users\Administrator\.m2\repositor
Launcher Type: SUN_STANDARD

Environment Variables:
JAVA_HOME=D:\Program Files\Java\jdk1.8.0_171
CLASSPATH=.;D:\Program Files\Java\jdk1.8.0_171\lib;D:\Program Files\Java\jdk1.8.0_171\lib\tools.jar;D:\Program Files\Java\jdk1.8.0_171\lib\dt.jar;D:\apache-tomcat-9.0.6\bin;C:\Users\Administrator\Downloads\mysql-connector-java-8.0.11\mysql-connector-java-8.0.11;C:\Users\Administrator\Downloads\mysql-connector-java-5.1.46\mysql-connector-java-5.1.46
PATH=D:\Program Files (x86)\NetSarang\Xshell 6\;C:\Program Files\Python 3.5\Scripts\;C:\Program Files\Python 3.5\;C:\Program Files (x86)\Common Files\Oracle\Java\javapath;.;%JAVA_HOME%\bin;%JAVA_HOME%\jre\bin;C:\Program Files\Microsoft SQL Server\130\Tools\Binn\;C:\Program Files\dotnet\;C:\Program Files\Git\cmd;C:\Python31;C:\Windows\System32;C:\WINDOWS\system32;C:\WINDOWS;C:\WINDOWS\System32\Wbem;C:\WINDOWS\System32\WindowsPowerShell\v1.0\;C:\WINDOWS\System32\OpenSSH\;%M2_HOME%\bin;D:\Program Files\nodejs\;D:\Program Files\Java\jdk1.8.0_171\bin;D:\Program Files\Java\jdk1.8.0_171\jre\bin;C:\Users\Administrator\AppData\Local\Microsoft\WindowsApps;C:\Program Files (x86)\MySQL\MySQL Server 5.7\bin;C:\Users\Administrator\Desktop\assembly;D:\apache-maven-3.5.4\bin;C:\Users\Administrator\AppData\Local\GitHubDesktop\bin;C:\Users\Administrator\AppData\Roaming\npm;%USERPROFILE%\AppData\Local\Microsoft\WindowsApps;D:\Program Files\latex\miktex\bin\x64\
USERNAME=Administrator
OS=Windows_NT
PROCESSOR_IDENTIFIER=Intel64 Family 6 Model 158 Stepping 9, GenuineIntel



---------------  S Y S T E M  ---------------

OS: Windows 10.0 , 64 bit Build 18362 (10.0.18362.329)

CPU:total 8 (initial active 8) (4 cores per cpu, 2 threads per core) family 6 model 158 stepping 9, cmov, cx8, fxsr, mmx, sse, sse2, sse3, ssse3, sse4.1, sse4.2, popcnt, avx, avx2, aes, clmul, erms, 3dnowpref, lzcnt, ht, tsc, tscinvbit, bmi1, bmi2, adx

Memory: 4k page, physical 8238780k(1134812k free), swap 10335932k(5120k free)

vm_info: Java HotSpot(TM) 64-Bit Server VM (25.171-b11) for windows-amd64 JRE (1.8.0_171-b11), built on Mar 28 2018 16:06:12 by "java_re" with MS VC++ 10.0 (VS2010)

time: Mon Apr 13 22:33:51 2020
elapsed time: 12 seconds (0d 0h 0m 12s)

