#
# A fatal error has been detected by the Java Runtime Environment:
#
#  EXCEPTION_ACCESS_VIOLATION (0xc0000005) at pc=0x00000000538b4447, pid=18364, tid=0x0000000000002b30
#
# JRE version: Java(TM) SE Runtime Environment (8.0_171-b11) (build 1.8.0_171-b11)
# Java VM: Java HotSpot(TM) 64-Bit Server VM (25.171-b11 mixed mode windows-amd64 compressed oops)
# Problematic frame:
# V  [jvm.dll+0x214447]
#
# Failed to write core dump. Minidumps are not enabled by default on client versions of Windows
#
# If you would like to submit a bug report, please visit:
#   http://bugreport.java.com/bugreport/crash.jsp
#

---------------  T H R E A D  ---------------

Current thread (0x0000000016431000):  JavaThread "RMI TCP Connection(idle)" daemon [_thread_in_vm, id=11056, stack(0x0000000019360000,0x0000000019460000)]

siginfo: ExceptionCode=0xc0000005, writing address 0x00000000194590c0

Registers:
RAX=0x00000000194590c0, RBX=0x0000000000000007, RCX=0x0000000000006000, RDX=0x0000000000000006
RSP=0x000000001945f0c0, RBP=0x0000000000000000, RSI=0x000000001945f0c0, RDI=0x0000000000000007
R8 =0x0000000000000006, R9 =0x0000000017d31e90, R10=0x0000000012cfe040, R11=0x000000001936a148
R12=0x0000000017d31e90, R13=0x0000000016431000, R14=0x000000001945f188, R15=0x0000000012cfe040
RIP=0x00000000538b4447, EFLAGS=0x0000000000010206

Top of Stack: (sp=0x000000001945f0c0)
0x000000001945f0c0:   000000007ffe0384 0000000100006bc8
0x000000001945f0d0:   0000000016431000 0000000017d31e90
0x000000001945f0e0:   00000000ffffffff 00000000538b5377
0x000000001945f0f0:   000000001945f1f0 0000000012cfe040
0x000000001945f100:   0000000016431000 0000000053760703
0x000000001945f110:   000000001945f150 0000000016431000
0x000000001945f120:   000000001945f1e0 0000000016431000
0x000000001945f130:   0000000012cfe040 0000000016431000
0x000000001945f140:   0000000002d23be0 0000000016431000
0x000000001945f150:   0000000012cfe040 0000000016431000
0x000000001945f160:   0000000012cfe040 0000000016431000
0x000000001945f170:   0000000000000001 0000000012cfe040
0x000000001945f180:   0000000016431000 0000000017c5f200
0x000000001945f190:   0000000016431000 0000000053761e6d
0x000000001945f1a0:   000000001945f4a8 0000000100006bc8
0x000000001945f1b0:   0000000100006bc8 00007ffe1ecc2e1a 

Instructions: (pc=0x00000000538b4447)
0x00000000538b4427:   48 89 6c 24 30 33 ed 66 90 e8 6b 3f 08 00 ff c3
0x00000000538b4437:   48 63 c8 48 8b c6 48 0f af cf 48 ff c7 48 2b c1
0x00000000538b4447:   89 28 48 63 c3 48 3b 05 85 62 59 00 7e db 48 8b
0x00000000538b4457:   6c 24 30 48 8b 5c 24 38 48 8b 74 24 40 48 83 c4 


Register to memory mapping:

RAX=0x00000000194590c0 is pointing into the stack for thread: 0x0000000016431000
RBX=0x0000000000000007 is an unknown value
RCX=0x0000000000006000 is an unknown value
RDX=0x0000000000000006 is an unknown value
RSP=0x000000001945f0c0 is pointing into the stack for thread: 0x0000000016431000
RBP=0x0000000000000000 is an unknown value
RSI=0x000000001945f0c0 is pointing into the stack for thread: 0x0000000016431000
RDI=0x0000000000000007 is an unknown value
R8 =0x0000000000000006 is an unknown value
R9 =0x0000000017d31e90 is an unknown value
R10={method} {0x0000000012cfe048} 'run' '()V' in 'java/lang/Thread'
R11=0x000000001936a148 is pointing into the stack for thread: 0x0000000016431000
R12=0x0000000017d31e90 is an unknown value
R13=0x0000000016431000 is a thread
R14=0x000000001945f188 is pointing into the stack for thread: 0x0000000016431000
R15={method} {0x0000000012cfe048} 'run' '()V' in 'java/lang/Thread'


Stack: [0x0000000019360000,0x0000000019460000],  sp=0x000000001945f0c0,  free space=1020k
Native frames: (J=compiled Java code, j=interpreted, Vv=VM code, C=native code)


---------------  P R O C E S S  ---------------

Java Threads: ( => current thread )
=>0x0000000016431000 JavaThread "RMI TCP Connection(idle)" daemon [_thread_in_vm, id=11056, stack(0x0000000019360000,0x0000000019460000)]
  0x0000000016432800 JavaThread "spring.cloud.inetutils" daemon [_thread_in_native, id=2092, stack(0x0000000017790000,0x0000000017890000)]
  0x0000000016437000 JavaThread "RMI TCP Connection(idle)" daemon [_thread_blocked, id=16052, stack(0x0000000018e60000,0x0000000018f60000)]
  0x00000000163d0000 JavaThread "restartedMain" [_thread_in_vm, id=15044, stack(0x0000000017690000,0x0000000017790000)]
  0x00000000163cf000 JavaThread "Thread-2" [_thread_blocked, id=18344, stack(0x0000000017490000,0x0000000017590000)]
  0x0000000016270000 JavaThread "RMI TCP Connection(3)-127.0.0.1" daemon [_thread_in_native, id=7764, stack(0x0000000017390000,0x0000000017490000)]
  0x000000001626e000 JavaThread "RMI Scheduler(0)" daemon [_thread_blocked, id=10252, stack(0x0000000017290000,0x0000000017390000)]
  0x0000000016215000 JavaThread "RMI TCP Connection(1)-127.0.0.1" daemon [_thread_in_native, id=10944, stack(0x0000000017190000,0x0000000017290000)]
  0x00000000161ff800 JavaThread "RMI TCP Accept-0" daemon [_thread_in_native, id=14588, stack(0x0000000016ce0000,0x0000000016de0000)]
  0x0000000016197800 JavaThread "RMI TCP Accept-10279" daemon [_thread_in_native, id=1296, stack(0x0000000016be0000,0x0000000016ce0000)]
  0x000000001618a800 JavaThread "RMI TCP Accept-0" daemon [_thread_in_native, id=16864, stack(0x0000000016ae0000,0x0000000016be0000)]
  0x0000000015ed8000 JavaThread "Service Thread" daemon [_thread_blocked, id=15112, stack(0x00000000169a0000,0x0000000016aa0000)]
  0x0000000015ecb000 JavaThread "C1 CompilerThread3" daemon [_thread_blocked, id=11516, stack(0x00000000168a0000,0x00000000169a0000)]
  0x0000000015eca800 JavaThread "C2 CompilerThread2" daemon [_thread_blocked, id=13040, stack(0x00000000167a0000,0x00000000168a0000)]
  0x0000000015e7b000 JavaThread "C2 CompilerThread1" daemon [_thread_blocked, id=10280, stack(0x00000000166a0000,0x00000000167a0000)]
  0x0000000015e7a800 JavaThread "C2 CompilerThread0" daemon [_thread_blocked, id=7424, stack(0x00000000165a0000,0x00000000166a0000)]
  0x0000000015e78800 JavaThread "Monitor Ctrl-Break" daemon [_thread_in_native, id=3768, stack(0x00000000164a0000,0x00000000165a0000)]
  0x00000000155c1800 JavaThread "Attach Listener" daemon [_thread_blocked, id=264, stack(0x0000000015b90000,0x0000000015c90000)]
  0x000000001561b800 JavaThread "Signal Dispatcher" daemon [_thread_blocked, id=13508, stack(0x0000000015a90000,0x0000000015b90000)]
  0x00000000136c5800 JavaThread "Finalizer" daemon [_thread_blocked, id=15860, stack(0x0000000015980000,0x0000000015a80000)]
  0x00000000136be000 JavaThread "Reference Handler" daemon [_thread_blocked, id=9096, stack(0x0000000015480000,0x0000000015580000)]
  0x0000000002a1b000 JavaThread "main" [_thread_blocked, id=15076, stack(0x0000000002910000,0x0000000002a10000)]

Other Threads:
  0x00000000136b5800 VMThread [stack: 0x0000000015380000,0x0000000015480000] [id=17496]
  0x00000000161a5800 WatcherThread [stack: 0x0000000016de0000,0x0000000016ee0000] [id=15912]

VM state:not at safepoint (normal execution)

VM Mutex/Monitor currently owned by a thread:  ([mutex/lock_event])
[0x0000000002a122d0] SystemDictionary_lock - owner thread: 0x00000000163d0000
[0x0000000002a19b40] Compile_lock - owner thread: 0x00000000163d0000

Heap:
 PSYoungGen      total 32256K, used 1213K [0x00000000fd580000, 0x0000000100000000, 0x0000000100000000)
  eden space 20480K, 5% used [0x00000000fd580000,0x00000000fd6af450,0x00000000fe980000)
  from space 11776K, 0% used [0x00000000ff480000,0x00000000ff480000,0x0000000100000000)
  to   space 11264K, 0% used [0x00000000fe980000,0x00000000fe980000,0x00000000ff480000)
 ParOldGen       total 87552K, used 4901K [0x00000000f8000000, 0x00000000fd580000, 0x00000000fd580000)
  object space 87552K, 5% used [0x00000000f8000000,0x00000000f84c9570,0x00000000fd580000)
 Metaspace       used 20056K, capacity 20718K, committed 21120K, reserved 1071104K
  class space    used 2674K, capacity 2852K, committed 2944K, reserved 1048576K

Card table byte_map: [0x0000000002c10000,0x0000000002c60000] byte_map_base: 0x0000000002450000

Marking Bits: (ParMarkBitMap*) 0x0000000053ec08c0
 Begin Bits: [0x00000000128d0000, 0x0000000012ad0000)
 End Bits:   [0x0000000012ad0000, 0x0000000012cd0000)

Polling page: 0x0000000000c10000

CodeCache: size=245760Kb used=3495Kb max_used=3495Kb free=242264Kb
 bounds [0x0000000002d10000, 0x0000000003080000, 0x0000000011d10000]
 total_blobs=2025 nmethods=1626 adapters=311
 compilation: enabled

Compilation events (10 events):
Event: 6.046 Thread 0x0000000015ecb000 1621       1       java.lang.invoke.TypeConvertingMethodAdapter::cast (42 bytes)
Event: 6.046 Thread 0x0000000015ecb000 nmethod 1621 0x00000000030774d0 code [0x0000000003077660, 0x0000000003077868]
Event: 6.047 Thread 0x0000000015ecb000 1622       1       sun.reflect.annotation.AnnotationInvocationHandler::invoke (277 bytes)
Event: 6.048 Thread 0x0000000015ecb000 nmethod 1622 0x00000000030779d0 code [0x0000000003077c40, 0x00000000030783d8]
Event: 6.049 Thread 0x0000000015ecb000 1623       1       org.springframework.core.annotation.RepeatableContainers::standardRepeatables (4 bytes)
Event: 6.049 Thread 0x0000000015ecb000 nmethod 1623 0x0000000003078ad0 code [0x0000000003078c20, 0x0000000003078d10]
Event: 6.049 Thread 0x0000000015ecb000 1624       1       org.springframework.core.annotation.RepeatableContainers$StandardRepeatableContainers::access$000 (4 bytes)
Event: 6.049 Thread 0x0000000015ecb000 nmethod 1624 0x0000000003078d90 code [0x0000000003078ee0, 0x0000000003078fd0]
Event: 6.050 Thread 0x0000000015ecb000 1625       1       org.springframework.core.annotation.AnnotationsScanner::getDeclaredAnnotations (166 bytes)
Event: 6.051 Thread 0x0000000015ecb000 nmethod 1625 0x0000000003079050 code [0x0000000003079260, 0x0000000003079838]

GC Heap History (10 events):
Event: 5.989 GC heap before
{Heap before GC invocations=19 (full 7):
 PSYoungGen      total 31744K, used 0K [0x00000000fd580000, 0x0000000100000000, 0x0000000100000000)
  eden space 19968K, 0% used [0x00000000fd580000,0x00000000fd580000,0x00000000fe900000)
  from space 11776K, 0% used [0x00000000ff480000,0x00000000ff480000,0x0000000100000000)
  to   space 11776K, 0% used [0x00000000fe900000,0x00000000fe900000,0x00000000ff480000)
 ParOldGen       total 87552K, used 4483K [0x00000000f8000000, 0x00000000fd580000, 0x00000000fd580000)
  object space 87552K, 5% used [0x00000000f8000000,0x00000000f8460df0,0x00000000fd580000)
 Metaspace       used 19724K, capacity 20274K, committed 20480K, reserved 1073152K
  class space    used 2607K, capacity 2768K, committed 2816K, reserved 1048576K
Event: 6.000 GC heap after
Heap after GC invocations=19 (full 7):
 PSYoungGen      total 31744K, used 0K [0x00000000fd580000, 0x0000000100000000, 0x0000000100000000)
  eden space 19968K, 0% used [0x00000000fd580000,0x00000000fd580000,0x00000000fe900000)
  from space 11776K, 0% used [0x00000000ff480000,0x00000000ff480000,0x0000000100000000)
  to   space 11776K, 0% used [0x00000000fe900000,0x00000000fe900000,0x00000000ff480000)
 ParOldGen       total 87552K, used 4482K [0x00000000f8000000, 0x00000000fd580000, 0x00000000fd580000)
  object space 87552K, 5% used [0x00000000f8000000,0x00000000f8460880,0x00000000fd580000)
 Metaspace       used 19724K, capacity 20274K, committed 20480K, reserved 1069056K
  class space    used 2607K, capacity 2768K, committed 2816K, reserved 1048576K
}
Event: 6.000 GC heap before
{Heap before GC invocations=20 (full 7):
 PSYoungGen      total 31744K, used 0K [0x00000000fd580000, 0x0000000100000000, 0x0000000100000000)
  eden space 19968K, 0% used [0x00000000fd580000,0x00000000fd580018,0x00000000fe900000)
  from space 11776K, 0% used [0x00000000ff480000,0x00000000ff480000,0x0000000100000000)
  to   space 11776K, 0% used [0x00000000fe900000,0x00000000fe900000,0x00000000ff480000)
 ParOldGen       total 87552K, used 4482K [0x00000000f8000000, 0x00000000fd580000, 0x00000000fd580000)
  object space 87552K, 5% used [0x00000000f8000000,0x00000000f8460880,0x00000000fd580000)
 Metaspace       used 19724K, capacity 20274K, committed 20480K, reserved 1075200K
  class space    used 2607K, capacity 2768K, committed 2816K, reserved 1048576K
Event: 6.001 GC heap after
Heap after GC invocations=20 (full 7):
 PSYoungGen      total 31744K, used 32K [0x00000000fd580000, 0x0000000100000000, 0x0000000100000000)
  eden space 19968K, 0% used [0x00000000fd580000,0x00000000fd580000,0x00000000fe900000)
  from space 11776K, 0% used [0x00000000fe900000,0x00000000fe908000,0x00000000ff480000)
  to   space 11776K, 0% used [0x00000000ff480000,0x00000000ff480000,0x0000000100000000)
 ParOldGen       total 87552K, used 4482K [0x00000000f8000000, 0x00000000fd580000, 0x00000000fd580000)
  object space 87552K, 5% used [0x00000000f8000000,0x00000000f8460880,0x00000000fd580000)
 Metaspace       used 19724K, capacity 20274K, committed 20480K, reserved 1075200K
  class space    used 2607K, capacity 2768K, committed 2816K, reserved 1048576K
}
Event: 6.001 GC heap before
{Heap before GC invocations=21 (full 8):
 PSYoungGen      total 31744K, used 32K [0x00000000fd580000, 0x0000000100000000, 0x0000000100000000)
  eden space 19968K, 0% used [0x00000000fd580000,0x00000000fd580000,0x00000000fe900000)
  from space 11776K, 0% used [0x00000000fe900000,0x00000000fe908000,0x00000000ff480000)
  to   space 11776K, 0% used [0x00000000ff480000,0x00000000ff480000,0x0000000100000000)
 ParOldGen       total 87552K, used 4482K [0x00000000f8000000, 0x00000000fd580000, 0x00000000fd580000)
  object space 87552K, 5% used [0x00000000f8000000,0x00000000f8460880,0x00000000fd580000)
 Metaspace       used 19724K, capacity 20274K, committed 20480K, reserved 1075200K
  class space    used 2607K, capacity 2768K, committed 2816K, reserved 1048576K
Event: 6.014 GC heap after
Heap after GC invocations=21 (full 8):
 PSYoungGen      total 31744K, used 0K [0x00000000fd580000, 0x0000000100000000, 0x0000000100000000)
  eden space 19968K, 0% used [0x00000000fd580000,0x00000000fd580000,0x00000000fe900000)
  from space 11776K, 0% used [0x00000000fe900000,0x00000000fe900000,0x00000000ff480000)
  to   space 11776K, 0% used [0x00000000ff480000,0x00000000ff480000,0x0000000100000000)
 ParOldGen       total 87552K, used 4474K [0x00000000f8000000, 0x00000000fd580000, 0x00000000fd580000)
  object space 87552K, 5% used [0x00000000f8000000,0x00000000f845ebd8,0x00000000fd580000)
 Metaspace       used 19724K, capacity 20274K, committed 20480K, reserved 1069056K
  class space    used 2607K, capacity 2768K, committed 2816K, reserved 1048576K
}
Event: 6.052 GC heap before
{Heap before GC invocations=22 (full 8):
 PSYoungGen      total 31744K, used 6660K [0x00000000fd580000, 0x0000000100000000, 0x0000000100000000)
  eden space 19968K, 33% used [0x00000000fd580000,0x00000000fdc011f8,0x00000000fe900000)
  from space 11776K, 0% used [0x00000000fe900000,0x00000000fe900000,0x00000000ff480000)
  to   space 11776K, 0% used [0x00000000ff480000,0x00000000ff480000,0x0000000100000000)
 ParOldGen       total 87552K, used 4474K [0x00000000f8000000, 0x00000000fd580000, 0x00000000fd580000)
  object space 87552K, 5% used [0x00000000f8000000,0x00000000f845ebd8,0x00000000fd580000)
 Metaspace       used 20006K, capacity 20614K, committed 20864K, reserved 1075200K
  class space    used 2663K, capacity 2818K, committed 2944K, reserved 1048576K
Event: 6.053 GC heap after
Heap after GC invocations=22 (full 8):
 PSYoungGen      total 32256K, used 640K [0x00000000fd580000, 0x0000000100000000, 0x0000000100000000)
  eden space 20480K, 0% used [0x00000000fd580000,0x00000000fd580000,0x00000000fe980000)
  from space 11776K, 5% used [0x00000000ff480000,0x00000000ff520000,0x0000000100000000)
  to   space 11264K, 0% used [0x00000000fe980000,0x00000000fe980000,0x00000000ff480000)
 ParOldGen       total 87552K, used 4482K [0x00000000f8000000, 0x00000000fd580000, 0x00000000fd580000)
  object space 87552K, 5% used [0x00000000f8000000,0x00000000f8460bd8,0x00000000fd580000)
 Metaspace       used 20006K, capacity 20614K, committed 20864K, reserved 1075200K
  class space    used 2663K, capacity 2818K, committed 2944K, reserved 1048576K
}
Event: 6.053 GC heap before
{Heap before GC invocations=23 (full 9):
 PSYoungGen      total 32256K, used 640K [0x00000000fd580000, 0x0000000100000000, 0x0000000100000000)
  eden space 20480K, 0% used [0x00000000fd580000,0x00000000fd580000,0x00000000fe980000)
  from space 11776K, 5% used [0x00000000ff480000,0x00000000ff520000,0x0000000100000000)
  to   space 11264K, 0% used [0x00000000fe980000,0x00000000fe980000,0x00000000ff480000)
 ParOldGen       total 87552K, used 4482K [0x00000000f8000000, 0x00000000fd580000, 0x00000000fd580000)
  object space 87552K, 5% used [0x00000000f8000000,0x00000000f8460bd8,0x00000000fd580000)
 Metaspace       used 20006K, capacity 20614K, committed 20864K, reserved 1075200K
  class space    used 2663K, capacity 2818K, committed 2944K, reserved 1048576K
Event: 6.105 GC heap after
Heap after GC invocations=23 (full 9):
 PSYoungGen      total 32256K, used 0K [0x00000000fd580000, 0x0000000100000000, 0x0000000100000000)
  eden space 20480K, 0% used [0x00000000fd580000,0x00000000fd580000,0x00000000fe980000)
  from space 11776K, 0% used [0x00000000ff480000,0x00000000ff480000,0x0000000100000000)
  to   space 11264K, 0% used [0x00000000fe980000,0x00000000fe980000,0x00000000ff480000)
 ParOldGen       total 87552K, used 4901K [0x00000000f8000000, 0x00000000fd580000, 0x00000000fd580000)
  object space 87552K, 5% used [0x00000000f8000000,0x00000000f84c9570,0x00000000fd580000)
 Metaspace       used 20006K, capacity 20614K, committed 20864K, reserved 1071104K
  class space    used 2663K, capacity 2818K, committed 2944K, reserved 1048576K
}

Deoptimization events (0 events):
No events

Classes redefined (0 events):
No events

Internal exceptions (10 events):
Event: 6.019 Thread 0x00000000163d0000 Exception <a 'java/lang/ArrayIndexOutOfBoundsException'> (0x00000000fd61a0b0) thrown at [C:\re\workspace\8-2-build-windows-amd64-cygwin\jdk8u171\10807\hotspot\src\share\vm\runtime\sharedRuntime.cpp, line 605]
Event: 6.020 Thread 0x00000000163d0000 Exception <a 'java/lang/ArrayIndexOutOfBoundsException'> (0x00000000fd6415e8) thrown at [C:\re\workspace\8-2-build-windows-amd64-cygwin\jdk8u171\10807\hotspot\src\share\vm\runtime\sharedRuntime.cpp, line 605]
Event: 6.021 Thread 0x00000000163d0000 Exception <a 'java/lang/ArrayIndexOutOfBoundsException'> (0x00000000fd666b70) thrown at [C:\re\workspace\8-2-build-windows-amd64-cygwin\jdk8u171\10807\hotspot\src\share\vm\runtime\sharedRuntime.cpp, line 605]
Event: 6.022 Thread 0x00000000163d0000 Exception <a 'java/lang/ArrayIndexOutOfBoundsException'> (0x00000000fd681d88) thrown at [C:\re\workspace\8-2-build-windows-amd64-cygwin\jdk8u171\10807\hotspot\src\share\vm\runtime\sharedRuntime.cpp, line 605]
Event: 6.023 Thread 0x00000000163d0000 Exception <a 'java/lang/ArrayIndexOutOfBoundsException'> (0x00000000fd6addb0) thrown at [C:\re\workspace\8-2-build-windows-amd64-cygwin\jdk8u171\10807\hotspot\src\share\vm\runtime\sharedRuntime.cpp, line 605]
Event: 6.024 Thread 0x00000000163d0000 Exception <a 'java/lang/ArrayIndexOutOfBoundsException'> (0x00000000fd703f78) thrown at [C:\re\workspace\8-2-build-windows-amd64-cygwin\jdk8u171\10807\hotspot\src\share\vm\runtime\sharedRuntime.cpp, line 605]
Event: 6.024 Thread 0x00000000163d0000 Exception <a 'java/lang/ArrayIndexOutOfBoundsException'> (0x00000000fd721ae8) thrown at [C:\re\workspace\8-2-build-windows-amd64-cygwin\jdk8u171\10807\hotspot\src\share\vm\runtime\sharedRuntime.cpp, line 605]
Event: 6.025 Thread 0x00000000163d0000 Exception <a 'java/lang/ArrayIndexOutOfBoundsException'> (0x00000000fd735a38) thrown at [C:\re\workspace\8-2-build-windows-amd64-cygwin\jdk8u171\10807\hotspot\src\share\vm\runtime\sharedRuntime.cpp, line 605]
Event: 6.045 Thread 0x00000000163d0000 Exception <a 'java/lang/NoSuchMethodError': java.lang.Object.lambda$getAnnotationTypes$0(Lorg/springframework/core/annotation/MergedAnnotation;)Ljava/lang/String;> (0x00000000fdb0e140) thrown at [C:\re\workspace\8-2-build-windows-amd64-cygwin\jdk8u171\108
Event: 6.047 Thread 0x00000000163d0000 Exception <a 'java/lang/NoSuchMethodError': java.lang.Object.lambda$getMetaAnnotationTypes$1(Lorg/springframework/core/annotation/MergedAnnotation;)Ljava/lang/String;> (0x00000000fdb37d30) thrown at [C:\re\workspace\8-2-build-windows-amd64-cygwin\jdk8u171

Events (10 events):
Event: 6.051 loading class org/springframework/boot/devtools/restart/ClassLoaderFilesResourcePatternResolver$WebResourcePatternResolverFactory done
Event: 6.051 loading class org/springframework/boot/devtools/restart/ClassLoaderFilesResourcePatternResolver$ResourcePatternResolverFactory
Event: 6.051 loading class org/springframework/boot/devtools/restart/ClassLoaderFilesResourcePatternResolver$ResourcePatternResolverFactory done
Event: 6.051 loading class sun/reflect/UnsafeObjectFieldAccessorImpl
Event: 6.051 Executing VM operation: CollectForMetadataAllocation
Event: 6.105 Executing VM operation: CollectForMetadataAllocation done
Event: 6.106 loading class sun/reflect/UnsafeObjectFieldAccessorImpl done
Event: 6.106 Thread 0x0000000016431000 Thread added: 0x0000000016431000
Event: 6.106 loading class org/springframework/boot/devtools/restart/ClassLoaderFilesResourcePatternResolver$ApplicationContextResourceLoader
Event: 6.106 loading class org/springframework/boot/devtools/restart/ClassLoaderFilesResourcePatternResolver$ApplicationContextResourceLoader done


Dynamic libraries:
0x00007ff7aa120000 - 0x00007ff7aa157000 	D:\Program Files\Java\jdk1.8.0_171\bin\java.exe
0x00007ffe1eca0000 - 0x00007ffe1ee90000 	C:\WINDOWS\SYSTEM32\ntdll.dll
0x00007ffe1d8d0000 - 0x00007ffe1d982000 	C:\WINDOWS\System32\KERNEL32.DLL
0x00007ffe1ca80000 - 0x00007ffe1cd24000 	C:\WINDOWS\System32\KERNELBASE.dll
0x00007ffe1dc50000 - 0x00007ffe1dcf3000 	C:\WINDOWS\System32\ADVAPI32.dll
0x00007ffe1cd70000 - 0x00007ffe1ce0e000 	C:\WINDOWS\System32\msvcrt.dll
0x00007ffe1e050000 - 0x00007ffe1e0e7000 	C:\WINDOWS\System32\sechost.dll
0x00007ffe1e6d0000 - 0x00007ffe1e7f0000 	C:\WINDOWS\System32\RPCRT4.dll
0x00007ffe1e0f0000 - 0x00007ffe1e284000 	C:\WINDOWS\System32\USER32.dll
0x00007ffe1c5e0000 - 0x00007ffe1c601000 	C:\WINDOWS\System32\win32u.dll
0x00007ffe1e6a0000 - 0x00007ffe1e6c6000 	C:\WINDOWS\System32\GDI32.dll
0x00007ffe1c8e0000 - 0x00007ffe1ca74000 	C:\WINDOWS\System32\gdi32full.dll
0x00007ffe1bc30000 - 0x00007ffe1bcce000 	C:\WINDOWS\System32\msvcp_win.dll
0x00007ffe1c7e0000 - 0x00007ffe1c8da000 	C:\WINDOWS\System32\ucrtbase.dll
0x00007ffe0d480000 - 0x00007ffe0d704000 	C:\WINDOWS\WinSxS\amd64_microsoft.windows.common-controls_6595b64144ccf1df_6.0.18362.836_none_e6c4b943130f18ed\COMCTL32.dll
0x00007ffe1e360000 - 0x00007ffe1e696000 	C:\WINDOWS\System32\combase.dll
0x00007ffe1c610000 - 0x00007ffe1c690000 	C:\WINDOWS\System32\bcryptPrimitives.dll
0x00007ffe1cec0000 - 0x00007ffe1ceee000 	C:\WINDOWS\System32\IMM32.DLL
0x00000000546b0000 - 0x0000000054782000 	D:\Program Files\Java\jdk1.8.0_171\jre\bin\msvcr100.dll
0x00000000536a0000 - 0x0000000053f40000 	D:\Program Files\Java\jdk1.8.0_171\jre\bin\server\jvm.dll
0x00007ffe1de50000 - 0x00007ffe1de58000 	C:\WINDOWS\System32\PSAPI.DLL
0x00007ffe032b0000 - 0x00007ffe032b9000 	C:\WINDOWS\SYSTEM32\WSOCK32.dll
0x00007ffe1ddd0000 - 0x00007ffe1de3f000 	C:\WINDOWS\System32\WS2_32.dll
0x00007ffe163e0000 - 0x00007ffe16404000 	C:\WINDOWS\SYSTEM32\WINMM.dll
0x00007ffe16910000 - 0x00007ffe1691a000 	C:\WINDOWS\SYSTEM32\VERSION.dll
0x00007ffe163b0000 - 0x00007ffe163dd000 	C:\WINDOWS\SYSTEM32\WINMMBASE.dll
0x00007ffe1c590000 - 0x00007ffe1c5da000 	C:\WINDOWS\System32\cfgmgr32.dll
0x0000000055630000 - 0x000000005563f000 	D:\Program Files\Java\jdk1.8.0_171\jre\bin\verify.dll
0x0000000055600000 - 0x0000000055629000 	D:\Program Files\Java\jdk1.8.0_171\jre\bin\java.dll
0x00000000555b0000 - 0x00000000555d3000 	D:\Program Files\Java\jdk1.8.0_171\jre\bin\instrument.dll
0x00000000555e0000 - 0x00000000555f6000 	D:\Program Files\Java\jdk1.8.0_171\jre\bin\zip.dll
0x00007ffe1cfb0000 - 0x00007ffe1d694000 	C:\WINDOWS\System32\SHELL32.dll
0x00007ffe1ce10000 - 0x00007ffe1ceb9000 	C:\WINDOWS\System32\shcore.dll
0x00007ffe1bde0000 - 0x00007ffe1c55e000 	C:\WINDOWS\System32\windows.storage.dll
0x00007ffe1bb90000 - 0x00007ffe1bbb3000 	C:\WINDOWS\System32\profapi.dll
0x00007ffe1bbe0000 - 0x00007ffe1bc2a000 	C:\WINDOWS\System32\powrprof.dll
0x00007ffe1bb60000 - 0x00007ffe1bb70000 	C:\WINDOWS\System32\UMPDC.dll
0x00007ffe1e300000 - 0x00007ffe1e352000 	C:\WINDOWS\System32\shlwapi.dll
0x00007ffe1bbc0000 - 0x00007ffe1bbd1000 	C:\WINDOWS\System32\kernel.appcore.dll
0x00007ffe1cd30000 - 0x00007ffe1cd47000 	C:\WINDOWS\System32\cryptsp.dll
0x00007ffe15dc0000 - 0x00007ffe15dda000 	D:\IntelliJ IDEA 2018.1.2\bin\breakgen64.dll
0x0000000055590000 - 0x00000000555aa000 	D:\Program Files\Java\jdk1.8.0_171\jre\bin\net.dll
0x00007ffe1b3d0000 - 0x00007ffe1b437000 	C:\WINDOWS\system32\mswsock.dll
0x0000000055540000 - 0x000000005554d000 	D:\Program Files\Java\jdk1.8.0_171\jre\bin\management.dll
0x0000000055570000 - 0x0000000055581000 	D:\Program Files\Java\jdk1.8.0_171\jre\bin\nio.dll
0x00007ffe056f0000 - 0x00007ffe05706000 	C:\WINDOWS\system32\napinsp.dll
0x00007ffe05650000 - 0x00007ffe0566a000 	C:\WINDOWS\system32\pnrpnsp.dll
0x00007ffe1b130000 - 0x00007ffe1b1fb000 	C:\WINDOWS\SYSTEM32\DNSAPI.dll
0x00007ffe1e040000 - 0x00007ffe1e048000 	C:\WINDOWS\System32\NSI.dll
0x00007ffe1b0e0000 - 0x00007ffe1b11a000 	C:\WINDOWS\SYSTEM32\IPHLPAPI.DLL
0x00007ffe055f0000 - 0x00007ffe055fe000 	C:\WINDOWS\System32\winrnr.dll
0x00007ffe187b0000 - 0x00007ffe187cc000 	C:\WINDOWS\system32\NLAapi.dll
0x00007ffe05510000 - 0x00007ffe05525000 	C:\WINDOWS\system32\wshbth.dll
0x00007ffe12150000 - 0x00007ffe1215a000 	C:\Windows\System32\rasadhlp.dll
0x00007ffe13270000 - 0x00007ffe132e7000 	C:\WINDOWS\System32\fwpuclnt.dll
0x00007ffe1c560000 - 0x00007ffe1c586000 	C:\WINDOWS\System32\bcrypt.dll
0x00007ffe1af40000 - 0x00007ffe1af73000 	C:\WINDOWS\system32\rsaenh.dll
0x00007ffe1ba80000 - 0x00007ffe1baa5000 	C:\WINDOWS\SYSTEM32\USERENV.dll
0x00007ffe1b5a0000 - 0x00007ffe1b5ac000 	C:\WINDOWS\SYSTEM32\CRYPTBASE.dll
0x00007ffe14220000 - 0x00007ffe14236000 	C:\WINDOWS\SYSTEM32\dhcpcsvc6.DLL
0x00007ffe14200000 - 0x00007ffe1421c000 	C:\WINDOWS\SYSTEM32\dhcpcsvc.DLL

VM Arguments:
jvm_args: -Xmx128m -Xms128m -XX:TieredStopAtLevel=1 -Xverify:none -Dspring.output.ansi.enabled=always -Dcom.sun.management.jmxremote -Dcom.sun.management.jmxremote.port=10279 -Dcom.sun.management.jmxremote.authenticate=false -Dcom.sun.management.jmxremote.ssl=false -Djava.rmi.server.hostname=localhost -Dspring.liveBeansView.mbeanDomain -Dspring.application.admin.enabled=true -javaagent:D:\IntelliJ IDEA 2018.1.2\lib\idea_rt.jar=10280:D:\IntelliJ IDEA 2018.1.2\bin -Dfile.encoding=UTF-8 
java_command: com.leilei.eurekaserver.EurekaServerApplication7001
java_class_path (initial): D:\Program Files\Java\jdk1.8.0_171\jre\lib\charsets.jar;D:\Program Files\Java\jdk1.8.0_171\jre\lib\deploy.jar;D:\Program Files\Java\jdk1.8.0_171\jre\lib\ext\access-bridge-64.jar;D:\Program Files\Java\jdk1.8.0_171\jre\lib\ext\cldrdata.jar;D:\Program Files\Java\jdk1.8.0_171\jre\lib\ext\dnsns.jar;D:\Program Files\Java\jdk1.8.0_171\jre\lib\ext\jaccess.jar;D:\Program Files\Java\jdk1.8.0_171\jre\lib\ext\jfxrt.jar;D:\Program Files\Java\jdk1.8.0_171\jre\lib\ext\localedata.jar;D:\Program Files\Java\jdk1.8.0_171\jre\lib\ext\nashorn.jar;D:\Program Files\Java\jdk1.8.0_171\jre\lib\ext\sunec.jar;D:\Program Files\Java\jdk1.8.0_171\jre\lib\ext\sunjce_provider.jar;D:\Program Files\Java\jdk1.8.0_171\jre\lib\ext\sunmscapi.jar;D:\Program Files\Java\jdk1.8.0_171\jre\lib\ext\sunpkcs11.jar;D:\Program Files\Java\jdk1.8.0_171\jre\lib\ext\zipfs.jar;D:\Program Files\Java\jdk1.8.0_171\jre\lib\javaws.jar;D:\Program Files\Java\jdk1.8.0_171\jre\lib\jce.jar;D:\Program Files\Java\jdk1.8.0_171\jre\lib\jfr.jar;D:\Program Files\Java\jdk1.8.0_171\jre\lib\jfxswt.jar;D:\Program Files\Java\jdk1.8.0_171\jre\lib\jsse.jar;D:\Program Files\Java\jdk1.8.0_171\jre\lib\management-agent.jar;D:\Program Files\Java\jdk1.8.0_171\jre\lib\plugin.jar;D:\Program Files\Java\jdk1.8.0_171\jre\lib\resources.jar;D:\Program Files\Java\jdk1.8.0_171\jre\lib\rt.jar;D:\reservationSystem\eurekaServer\target\classes;C:\Users\Administrator\.m2\repository\org\springframework\cloud\spring-cloud-starter-netflix-eureka-server\2.0.2.RELEASE\spring-cloud-starter-netflix-eureka-server-2.0.2.RELEASE.jar;C:\Users\Administrator\.m2\repository\org\springframework\cloud\spring-cloud-starter\2.2.1.RELEASE\spring-cloud-starter-2.2.1.RELEASE.jar;C:\Users\Administrator\.m2\repository\org\springframework\boot\spring-boot-starter\2.2.2.RELEASE\spring-boot-starter-2.2.2.RELEASE.jar;C:\Users\Administrator\.m2\repository\org\springframework\boot\spring-boot-starter-logging\2.2.2.RELEASE\spring-boot-starter-logging-2.2.2.RELEAS
Launcher Type: SUN_STANDARD

Environment Variables:
JAVA_HOME=D:\Program Files\Java\jdk1.8.0_171
CLASSPATH=.;D:\Program Files\Java\jdk1.8.0_171\lib;D:\Program Files\Java\jdk1.8.0_171\lib\tools.jar;D:\Program Files\Java\jdk1.8.0_171\lib\dt.jar;D:\apache-tomcat-9.0.6\bin;C:\Users\Administrator\Downloads\mysql-connector-java-8.0.11\mysql-connector-java-8.0.11;C:\Users\Administrator\Downloads\mysql-connector-java-5.1.46\mysql-connector-java-5.1.46
PATH=D:\Program Files (x86)\NetSarang\Xshell 6\;C:\Program Files\Python 3.5\Scripts\;C:\Program Files\Python 3.5\;C:\Program Files (x86)\Common Files\Oracle\Java\javapath;.;%JAVA_HOME%\bin;%JAVA_HOME%\jre\bin;C:\Program Files\Microsoft SQL Server\130\Tools\Binn\;C:\Program Files\dotnet\;C:\Program Files\Git\cmd;C:\Python31;C:\Windows\System32;C:\WINDOWS\system32;C:\WINDOWS;C:\WINDOWS\System32\Wbem;C:\WINDOWS\System32\WindowsPowerShell\v1.0\;C:\WINDOWS\System32\OpenSSH\;%M2_HOME%\bin;D:\Program Files\nodejs\;D:\Program Files\Java\jdk1.8.0_171\bin;D:\Program Files\Java\jdk1.8.0_171\jre\bin;C:\Users\Administrator\AppData\Local\Microsoft\WindowsApps;C:\Program Files (x86)\MySQL\MySQL Server 5.7\bin;C:\Users\Administrator\Desktop\assembly;D:\apache-maven-3.5.4\bin;C:\Users\Administrator\AppData\Local\GitHubDesktop\bin;C:\Users\Administrator\AppData\Roaming\npm;%USERPROFILE%\AppData\Local\Microsoft\WindowsApps;D:\Program Files\latex\miktex\bin\x64\
USERNAME=Administrator
OS=Windows_NT
PROCESSOR_IDENTIFIER=Intel64 Family 6 Model 158 Stepping 9, GenuineIntel



---------------  S Y S T E M  ---------------

OS: Windows 10.0 , 64 bit Build 18362 (10.0.18362.778)

CPU:total 8 (initial active 8) (4 cores per cpu, 2 threads per core) family 6 model 158 stepping 9, cmov, cx8, fxsr, mmx, sse, sse2, sse3, ssse3, sse4.1, sse4.2, popcnt, avx, avx2, aes, clmul, erms, 3dnowpref, lzcnt, ht, tsc, tscinvbit, bmi1, bmi2, adx

Memory: 4k page, physical 8238780k(1624940k free), swap 10335932k(2008k free)

vm_info: Java HotSpot(TM) 64-Bit Server VM (25.171-b11) for windows-amd64 JRE (1.8.0_171-b11), built on Mar 28 2018 16:06:12 by "java_re" with MS VC++ 10.0 (VS2010)

time: Tue May 19 22:09:37 2020
elapsed time: 6 seconds (0d 0h 0m 6s)

