#
# There is insufficient memory for the Java Runtime Environment to continue.
# Native memory allocation (malloc) failed to allocate 32744 bytes for ChunkPool::allocate
# Possible reasons:
#   The system is out of physical RAM or swap space
#   In 32 bit mode, the process size limit was hit
# Possible solutions:
#   Reduce memory load on the system
#   Increase physical memory or swap space
#   Check if swap backing store is full
#   Use 64 bit Java on a 64 bit OS
#   Decrease Java heap size (-Xmx/-Xms)
#   Decrease number of Java threads
#   Decrease Java thread stack sizes (-Xss)
#   Set larger code cache with -XX:ReservedCodeCacheSize=
# This output file may be truncated or incomplete.
#
#  Out of Memory Error (allocation.cpp:273), pid=11148, tid=0x00000000000041b8
#
# JRE version: Java(TM) SE Runtime Environment (8.0_171-b11) (build 1.8.0_171-b11)
# Java VM: Java HotSpot(TM) 64-Bit Server VM (25.171-b11 mixed mode windows-amd64 compressed oops)
# Failed to write core dump. Minidumps are not enabled by default on client versions of Windows
#

---------------  T H R E A D  ---------------

Current thread (0x000000001678d800):  JavaThread "C1 CompilerThread3" daemon [_thread_in_native, id=16824, stack(0x0000000016f70000,0x0000000017070000)]

Stack: [0x0000000016f70000,0x0000000017070000]
[error occurred during error reporting (printing stack bounds), id 0xc0000005]

Native frames: (J=compiled Java code, j=interpreted, Vv=VM code, C=native code)


Current CompileTask:
C1:   1591  426       1       jdk.internal.org.objectweb.asm.Frame::execute (2252 bytes)


---------------  P R O C E S S  ---------------

Java Threads: ( => current thread )
  0x0000000016829000 JavaThread "Service Thread" daemon [_thread_blocked, id=7516, stack(0x0000000017070000,0x0000000017170000)]
=>0x000000001678d800 JavaThread "C1 CompilerThread3" daemon [_thread_in_native, id=16824, stack(0x0000000016f70000,0x0000000017070000)]
  0x0000000016775000 JavaThread "C2 CompilerThread2" daemon [_thread_blocked, id=17664, stack(0x0000000016e70000,0x0000000016f70000)]
  0x000000001676a000 JavaThread "C2 CompilerThread1" daemon [_thread_blocked, id=8976, stack(0x0000000016d70000,0x0000000016e70000)]
  0x0000000016769000 JavaThread "C2 CompilerThread0" daemon [_thread_blocked, id=3020, stack(0x0000000016c70000,0x0000000016d70000)]
  0x0000000016767000 JavaThread "Monitor Ctrl-Break" daemon [_thread_in_native, id=12376, stack(0x0000000016b70000,0x0000000016c70000)]
  0x0000000015c53000 JavaThread "Attach Listener" daemon [_thread_blocked, id=16340, stack(0x0000000016270000,0x0000000016370000)]
  0x0000000015c52800 JavaThread "Signal Dispatcher" daemon [_thread_blocked, id=380, stack(0x0000000016170000,0x0000000016270000)]
  0x0000000015c30800 JavaThread "Finalizer" daemon [_thread_blocked, id=19396, stack(0x0000000016010000,0x0000000016110000)]
  0x0000000013d50800 JavaThread "Reference Handler" daemon [_thread_blocked, id=11980, stack(0x0000000015b10000,0x0000000015c10000)]
  0x000000000319e800 JavaThread "main" [_thread_in_Java, id=16948, stack(0x0000000002fc0000,0x00000000030c0000)]

Other Threads:
  0x0000000013d47800 VMThread [stack: 0x0000000015a10000,0x0000000015b10000] [id=14452]

VM state:not at safepoint (normal execution)

VM Mutex/Monitor currently owned by a thread:  ([mutex/lock_event])
[0x00000000031af9c0] CodeCache_lock - owner thread: 0x0000000000000000

Heap:
 PSYoungGen      total 38400K, used 12911K [0x00000000fd580000, 0x0000000100000000, 0x0000000100000000)
  eden space 33280K, 38% used [0x00000000fd580000,0x00000000fe21bee0,0x00000000ff600000)
  from space 5120K, 0% used [0x00000000ffb00000,0x00000000ffb00000,0x0000000100000000)
  to   space 5120K, 0% used [0x00000000ff600000,0x00000000ff600000,0x00000000ffb00000)
 ParOldGen       total 87552K, used 0K [0x00000000f8000000, 0x00000000fd580000, 0x00000000fd580000)
  object space 87552K, 0% used [0x00000000f8000000,0x00000000f8000000,0x00000000fd580000)
 Metaspace       used 6935K, capacity 7040K, committed 7296K, reserved 1060864K
  class space    used 823K, capacity 871K, committed 896K, reserved 1048576K

Card table byte_map: [0x0000000002c20000,0x0000000002c70000] byte_map_base: 0x0000000002460000

Marking Bits: (ParMarkBitMap*) 0x000000005de008c0
 Begin Bits: [0x0000000012f60000, 0x0000000013160000)
 End Bits:   [0x0000000013160000, 0x0000000013360000)

Polling page: 0x0000000001300000

CodeCache: size=245760Kb used=1650Kb max_used=1650Kb free=244109Kb
 bounds [0x00000000033a0000, 0x0000000003610000, 0x00000000123a0000]
 total_blobs=770 nmethods=438 adapters=245
 compilation: enabled

Compilation events (10 events):
Event: 1.584 Thread 0x000000001678d800 nmethod 411 0x0000000003538f10 code [0x0000000003539100, 0x00000000035395e8]
Event: 1.584 Thread 0x000000001678d800  419       1       java.util.Arrays$ArrayList::size (6 bytes)
Event: 1.584 Thread 0x000000001678d800 nmethod 419 0x0000000003539990 code [0x0000000003539ae0, 0x0000000003539bf0]
Event: 1.584 Thread 0x000000001678d800  420       1       java.util.Collections$UnmodifiableCollection$1::hasNext (10 bytes)
Event: 1.584 Thread 0x000000001678d800 nmethod 420 0x0000000003539c90 code [0x0000000003539de0, 0x0000000003539f28]
Event: 1.584 Thread 0x000000001678d800  421       1       java.lang.invoke.MemberName::isConstructor (7 bytes)
Event: 1.584 Thread 0x000000001678d800 nmethod 421 0x0000000003539f90 code [0x000000000353a0e0, 0x000000000353a210]
Event: 1.584 Thread 0x000000001678d800  423       1       java.lang.invoke.MemberName::getMethodOrFieldType (72 bytes)
Event: 1.585 Thread 0x000000001678d800 nmethod 423 0x000000000353a6d0 code [0x000000000353a8e0, 0x000000000353afa8]
Event: 1.585 Thread 0x000000001678d800  426       1       jdk.internal.org.objectweb.asm.Frame::execute (2252 bytes)

GC Heap History (0 events):
No events

Deoptimization events (0 events):
No events

Classes redefined (0 events):
No events

Internal exceptions (10 events):
Event: 0.711 Thread 0x000000000319e800 Exception <a 'java/lang/ArrayIndexOutOfBoundsException'> (0x00000000fdddaa68) thrown at [C:\re\workspace\8-2-build-windows-amd64-cygwin\jdk8u171\10807\hotspot\src\share\vm\runtime\sharedRuntime.cpp, line 605]
Event: 0.712 Thread 0x000000000319e800 Exception <a 'java/lang/ArrayIndexOutOfBoundsException'> (0x00000000fdddc108) thrown at [C:\re\workspace\8-2-build-windows-amd64-cygwin\jdk8u171\10807\hotspot\src\share\vm\runtime\sharedRuntime.cpp, line 605]
Event: 0.712 Thread 0x000000000319e800 Exception <a 'java/lang/ArrayIndexOutOfBoundsException'> (0x00000000fdddea00) thrown at [C:\re\workspace\8-2-build-windows-amd64-cygwin\jdk8u171\10807\hotspot\src\share\vm\runtime\sharedRuntime.cpp, line 605]
Event: 0.717 Thread 0x000000000319e800 Exception <a 'java/lang/ArrayIndexOutOfBoundsException'> (0x00000000fde0bc48) thrown at [C:\re\workspace\8-2-build-windows-amd64-cygwin\jdk8u171\10807\hotspot\src\share\vm\runtime\sharedRuntime.cpp, line 605]
Event: 0.720 Thread 0x000000000319e800 Exception <a 'java/lang/ArrayIndexOutOfBoundsException'> (0x00000000fde2c590) thrown at [C:\re\workspace\8-2-build-windows-amd64-cygwin\jdk8u171\10807\hotspot\src\share\vm\runtime\sharedRuntime.cpp, line 605]
Event: 0.740 Thread 0x000000000319e800 Exception <a 'java/security/PrivilegedActionException'> (0x00000000fde84618) thrown at [C:\re\workspace\8-2-build-windows-amd64-cygwin\jdk8u171\10807\hotspot\src\share\vm\prims\jvm.cpp, line 1435]
Event: 0.740 Thread 0x000000000319e800 Exception <a 'java/security/PrivilegedActionException'> (0x00000000fde84828) thrown at [C:\re\workspace\8-2-build-windows-amd64-cygwin\jdk8u171\10807\hotspot\src\share\vm\prims\jvm.cpp, line 1435]
Event: 0.741 Thread 0x000000000319e800 Exception <a 'java/security/PrivilegedActionException'> (0x00000000fde88738) thrown at [C:\re\workspace\8-2-build-windows-amd64-cygwin\jdk8u171\10807\hotspot\src\share\vm\prims\jvm.cpp, line 1435]
Event: 0.741 Thread 0x000000000319e800 Exception <a 'java/security/PrivilegedActionException'> (0x00000000fde88948) thrown at [C:\re\workspace\8-2-build-windows-amd64-cygwin\jdk8u171\10807\hotspot\src\share\vm\prims\jvm.cpp, line 1435]
Event: 1.554 Thread 0x000000000319e800 Exception <a 'java/lang/ClassNotFoundException': javax/management/remote/rmi/RMIJRMPServerImpl$ExportedWrapper_Stub> (0x00000000fe078418) thrown at [C:\re\workspace\8-2-build-windows-amd64-cygwin\jdk8u171\10807\hotspot\src\share\vm\classfile\systemDiction

Events (10 events):
Event: 1.577 loading class java/lang/invoke/MethodHandleImpl$AsVarargsCollector
Event: 1.577 loading class java/lang/invoke/DelegatingMethodHandle
Event: 1.577 loading class java/lang/invoke/DelegatingMethodHandle done
Event: 1.577 loading class java/lang/invoke/MethodHandleImpl$AsVarargsCollector done
Event: 1.578 loading class java/lang/invoke/WrongMethodTypeException
Event: 1.578 loading class java/lang/invoke/WrongMethodTypeException done
Event: 1.579 loading class java/lang/invoke/MethodHandleImpl$Lazy
Event: 1.579 loading class java/lang/invoke/MethodHandleImpl$Lazy done
Event: 1.579 loading class java/lang/invoke/MethodHandleImpl$IntrinsicMethodHandle
Event: 1.579 loading class java/lang/invoke/MethodHandleImpl$IntrinsicMethodHandle done


Dynamic libraries:
0x00007ff67ca40000 - 0x00007ff67ca77000 	D:\Program Files\Java\jdk1.8.0_171\bin\java.exe
0x00007ff9bd820000 - 0x00007ff9bda10000 	C:\WINDOWS\SYSTEM32\ntdll.dll
0x00007ff9bba80000 - 0x00007ff9bbb32000 	C:\WINDOWS\System32\KERNEL32.DLL
0x00007ff9ba7b0000 - 0x00007ff9baa54000 	C:\WINDOWS\System32\KERNELBASE.dll
0x00007ff9bc100000 - 0x00007ff9bc1a3000 	C:\WINDOWS\System32\ADVAPI32.dll
0x00007ff9bbb40000 - 0x00007ff9bbbde000 	C:\WINDOWS\System32\msvcrt.dll
0x00007ff9bce90000 - 0x00007ff9bcf27000 	C:\WINDOWS\System32\sechost.dll
0x00007ff9bcf30000 - 0x00007ff9bd050000 	C:\WINDOWS\System32\RPCRT4.dll
0x00007ff9bd560000 - 0x00007ff9bd6f4000 	C:\WINDOWS\System32\USER32.dll
0x00007ff9bad20000 - 0x00007ff9bad41000 	C:\WINDOWS\System32\win32u.dll
0x00007ff9bd4f0000 - 0x00007ff9bd516000 	C:\WINDOWS\System32\GDI32.dll
0x00007ff9bad50000 - 0x00007ff9baee4000 	C:\WINDOWS\System32\gdi32full.dll
0x00007ff9baa60000 - 0x00007ff9baafe000 	C:\WINDOWS\System32\msvcp_win.dll
0x00007ff9baef0000 - 0x00007ff9bafea000 	C:\WINDOWS\System32\ucrtbase.dll
0x00007ff9b0200000 - 0x00007ff9b0484000 	C:\WINDOWS\WinSxS\amd64_microsoft.windows.common-controls_6595b64144ccf1df_6.0.18362.836_none_e6c4b943130f18ed\COMCTL32.dll
0x00007ff9bd0e0000 - 0x00007ff9bd416000 	C:\WINDOWS\System32\combase.dll
0x00007ff9bb7a0000 - 0x00007ff9bb820000 	C:\WINDOWS\System32\bcryptPrimitives.dll
0x00007ff9bd530000 - 0x00007ff9bd55e000 	C:\WINDOWS\System32\IMM32.DLL
0x000000005ebd0000 - 0x000000005eca2000 	D:\Program Files\Java\jdk1.8.0_171\jre\bin\msvcr100.dll
0x000000005d5e0000 - 0x000000005de80000 	D:\Program Files\Java\jdk1.8.0_171\jre\bin\server\jvm.dll
0x00007ff9bd0d0000 - 0x00007ff9bd0d8000 	C:\WINDOWS\System32\PSAPI.DLL
0x00007ff9a2f60000 - 0x00007ff9a2f69000 	C:\WINDOWS\SYSTEM32\WSOCK32.dll
0x00007ff9b51f0000 - 0x00007ff9b5214000 	C:\WINDOWS\SYSTEM32\WINMM.dll
0x00007ff9bd770000 - 0x00007ff9bd7df000 	C:\WINDOWS\System32\WS2_32.dll
0x00007ff9b5350000 - 0x00007ff9b535a000 	C:\WINDOWS\SYSTEM32\VERSION.dll
0x00007ff9b51c0000 - 0x00007ff9b51ed000 	C:\WINDOWS\SYSTEM32\WINMMBASE.dll
0x00007ff9bb880000 - 0x00007ff9bb8ca000 	C:\WINDOWS\System32\cfgmgr32.dll
0x000000005ebc0000 - 0x000000005ebcf000 	D:\Program Files\Java\jdk1.8.0_171\jre\bin\verify.dll
0x000000005eb90000 - 0x000000005ebb9000 	D:\Program Files\Java\jdk1.8.0_171\jre\bin\java.dll
0x000000005eb40000 - 0x000000005eb63000 	D:\Program Files\Java\jdk1.8.0_171\jre\bin\instrument.dll
0x000000005eb70000 - 0x000000005eb86000 	D:\Program Files\Java\jdk1.8.0_171\jre\bin\zip.dll
0x00007ff9bc1b0000 - 0x00007ff9bc894000 	C:\WINDOWS\System32\SHELL32.dll
0x00007ff9bb9d0000 - 0x00007ff9bba79000 	C:\WINDOWS\System32\shcore.dll
0x00007ff9bb020000 - 0x00007ff9bb79e000 	C:\WINDOWS\System32\windows.storage.dll
0x00007ff9ba760000 - 0x00007ff9ba783000 	C:\WINDOWS\System32\profapi.dll
0x00007ff9ba710000 - 0x00007ff9ba75a000 	C:\WINDOWS\System32\powrprof.dll
0x00007ff9ba6e0000 - 0x00007ff9ba6f0000 	C:\WINDOWS\System32\UMPDC.dll
0x00007ff9bce30000 - 0x00007ff9bce82000 	C:\WINDOWS\System32\shlwapi.dll
0x00007ff9ba790000 - 0x00007ff9ba7a1000 	C:\WINDOWS\System32\kernel.appcore.dll
0x00007ff9bad00000 - 0x00007ff9bad17000 	C:\WINDOWS\System32\cryptsp.dll
0x00007ff9b4790000 - 0x00007ff9b47aa000 	D:\IntelliJ IDEA 2018.1.2\bin\breakgen64.dll
0x000000005ea30000 - 0x000000005ea4a000 	D:\Program Files\Java\jdk1.8.0_171\jre\bin\net.dll
0x00007ff9b9f50000 - 0x00007ff9b9fb7000 	C:\WINDOWS\system32\mswsock.dll
0x000000005eb30000 - 0x000000005eb3d000 	D:\Program Files\Java\jdk1.8.0_171\jre\bin\management.dll
0x000000005ea10000 - 0x000000005ea21000 	D:\Program Files\Java\jdk1.8.0_171\jre\bin\nio.dll
0x00007ff9a3520000 - 0x00007ff9a3536000 	C:\WINDOWS\system32\napinsp.dll
0x00007ff9a3500000 - 0x00007ff9a351a000 	C:\WINDOWS\system32\pnrpnsp.dll
0x00007ff9b9ca0000 - 0x00007ff9b9d6b000 	C:\WINDOWS\SYSTEM32\DNSAPI.dll
0x00007ff9bd520000 - 0x00007ff9bd528000 	C:\WINDOWS\System32\NSI.dll
0x00007ff9b9c60000 - 0x00007ff9b9c9a000 	C:\WINDOWS\SYSTEM32\IPHLPAPI.DLL
0x00007ff9a3470000 - 0x00007ff9a347e000 	C:\WINDOWS\System32\winrnr.dll
0x00007ff9b7220000 - 0x00007ff9b723c000 	C:\WINDOWS\system32\NLAapi.dll
0x00007ff9a3440000 - 0x00007ff9a3455000 	C:\WINDOWS\system32\wshbth.dll
0x00007ff9b01f0000 - 0x00007ff9b01fa000 	C:\Windows\System32\rasadhlp.dll
0x00007ff9b2a50000 - 0x00007ff9b2ac7000 	C:\WINDOWS\System32\fwpuclnt.dll
0x00007ff9baff0000 - 0x00007ff9bb016000 	C:\WINDOWS\System32\bcrypt.dll
0x00007ff9b9ac0000 - 0x00007ff9b9af3000 	C:\WINDOWS\system32\rsaenh.dll
0x00007ff9ba5d0000 - 0x00007ff9ba5f5000 	C:\WINDOWS\SYSTEM32\USERENV.dll
0x00007ff9ba120000 - 0x00007ff9ba12c000 	C:\WINDOWS\SYSTEM32\CRYPTBASE.dll
0x00007ff9b3d00000 - 0x00007ff9b3d16000 	C:\WINDOWS\SYSTEM32\dhcpcsvc6.DLL
0x00007ff9b3c60000 - 0x00007ff9b3c7c000 	C:\WINDOWS\SYSTEM32\dhcpcsvc.DLL

VM Arguments:
jvm_args: -Xmx128m -Xms128m -XX:TieredStopAtLevel=1 -Xverify:none -Dspring.output.ansi.enabled=always -Dcom.sun.management.jmxremote -Dcom.sun.management.jmxremote.port=12342 -Dcom.sun.management.jmxremote.authenticate=false -Dcom.sun.management.jmxremote.ssl=false -Djava.rmi.server.hostname=localhost -Dspring.liveBeansView.mbeanDomain -Dspring.application.admin.enabled=true -javaagent:D:\IntelliJ IDEA 2018.1.2\lib\idea_rt.jar=12343:D:\IntelliJ IDEA 2018.1.2\bin -Dfile.encoding=UTF-8 
java_command: com.leilei.client.ClientApp
java_class_path (initial): D:\Program Files\Java\jdk1.8.0_171\jre\lib\charsets.jar;D:\Program Files\Java\jdk1.8.0_171\jre\lib\deploy.jar;D:\Program Files\Java\jdk1.8.0_171\jre\lib\ext\access-bridge-64.jar;D:\Program Files\Java\jdk1.8.0_171\jre\lib\ext\cldrdata.jar;D:\Program Files\Java\jdk1.8.0_171\jre\lib\ext\dnsns.jar;D:\Program Files\Java\jdk1.8.0_171\jre\lib\ext\jaccess.jar;D:\Program Files\Java\jdk1.8.0_171\jre\lib\ext\jfxrt.jar;D:\Program Files\Java\jdk1.8.0_171\jre\lib\ext\localedata.jar;D:\Program Files\Java\jdk1.8.0_171\jre\lib\ext\nashorn.jar;D:\Program Files\Java\jdk1.8.0_171\jre\lib\ext\sunec.jar;D:\Program Files\Java\jdk1.8.0_171\jre\lib\ext\sunjce_provider.jar;D:\Program Files\Java\jdk1.8.0_171\jre\lib\ext\sunmscapi.jar;D:\Program Files\Java\jdk1.8.0_171\jre\lib\ext\sunpkcs11.jar;D:\Program Files\Java\jdk1.8.0_171\jre\lib\ext\zipfs.jar;D:\Program Files\Java\jdk1.8.0_171\jre\lib\javaws.jar;D:\Program Files\Java\jdk1.8.0_171\jre\lib\jce.jar;D:\Program Files\Java\jdk1.8.0_171\jre\lib\jfr.jar;D:\Program Files\Java\jdk1.8.0_171\jre\lib\jfxswt.jar;D:\Program Files\Java\jdk1.8.0_171\jre\lib\jsse.jar;D:\Program Files\Java\jdk1.8.0_171\jre\lib\management-agent.jar;D:\Program Files\Java\jdk1.8.0_171\jre\lib\plugin.jar;D:\Program Files\Java\jdk1.8.0_171\jre\lib\resources.jar;D:\Program Files\Java\jdk1.8.0_171\jre\lib\rt.jar;D:\reservationSystem\client\target\classes;C:\Users\Administrator\.m2\repository\org\springframework\cloud\spring-cloud-starter-openfeign\2.2.1.RELEASE\spring-cloud-starter-openfeign-2.2.1.RELEASE.jar;C:\Users\Administrator\.m2\repository\org\springframework\cloud\spring-cloud-starter\2.2.1.RELEASE\spring-cloud-starter-2.2.1.RELEASE.jar;C:\Users\Administrator\.m2\repository\org\springframework\security\spring-security-rsa\1.0.9.RELEASE\spring-security-rsa-1.0.9.RELEASE.jar;C:\Users\Administrator\.m2\repository\org\bouncycastle\bcpkix-jdk15on\1.64\bcpkix-jdk15on-1.64.jar;C:\Users\Administrator\.m2\repository\org\bouncycastle\bcprov-jdk15on\1.
Launcher Type: SUN_STANDARD

Environment Variables:
JAVA_HOME=D:\Program Files\Java\jdk1.8.0_171
CLASSPATH=.;D:\Program Files\Java\jdk1.8.0_171\lib;D:\Program Files\Java\jdk1.8.0_171\lib\tools.jar;D:\Program Files\Java\jdk1.8.0_171\lib\dt.jar;D:\apache-tomcat-9.0.6\bin;C:\Users\Administrator\Downloads\mysql-connector-java-8.0.11\mysql-connector-java-8.0.11;C:\Users\Administrator\Downloads\mysql-connector-java-5.1.46\mysql-connector-java-5.1.46
PATH=D:\Program Files (x86)\NetSarang\Xshell 6\;C:\Program Files\Python 3.5\Scripts\;C:\Program Files\Python 3.5\;C:\Program Files (x86)\Common Files\Oracle\Java\javapath;.;%JAVA_HOME%\bin;%JAVA_HOME%\jre\bin;C:\Program Files\Microsoft SQL Server\130\Tools\Binn\;C:\Program Files\dotnet\;C:\Program Files\Git\cmd;C:\Python31;C:\Windows\System32;C:\WINDOWS\system32;C:\WINDOWS;C:\WINDOWS\System32\Wbem;C:\WINDOWS\System32\WindowsPowerShell\v1.0\;C:\WINDOWS\System32\OpenSSH\;%M2_HOME%\bin;D:\Program Files\nodejs\;D:\Program Files\Java\jdk1.8.0_171\bin;D:\Program Files\Java\jdk1.8.0_171\jre\bin;C:\Users\Administrator\AppData\Local\Microsoft\WindowsApps;C:\Program Files (x86)\MySQL\MySQL Server 5.7\bin;C:\Users\Administrator\Desktop\assembly;D:\apache-maven-3.5.4\bin;C:\Users\Administrator\AppData\Local\GitHubDesktop\bin;C:\Users\Administrator\AppData\Roaming\npm;%USERPROFILE%\AppData\Local\Microsoft\WindowsApps;D:\Program Files\latex\miktex\bin\x64\
USERNAME=Administrator
OS=Windows_NT
PROCESSOR_IDENTIFIER=Intel64 Family 6 Model 158 Stepping 9, GenuineIntel



---------------  S Y S T E M  ---------------

OS: Windows 10.0 , 64 bit Build 18362 (10.0.18362.778)

CPU:total 8 (initial active 8) (4 cores per cpu, 2 threads per core) family 6 model 158 stepping 9, cmov, cx8, fxsr, mmx, sse, sse2, sse3, ssse3, sse4.1, sse4.2, popcnt, avx, avx2, aes, clmul, erms, 3dnowpref, lzcnt, ht, tsc, tscinvbit, bmi1, bmi2, adx

Memory: 4k page, physical 8238780k(856220k free), swap 10335932k(3272k free)

vm_info: Java HotSpot(TM) 64-Bit Server VM (25.171-b11) for windows-amd64 JRE (1.8.0_171-b11), built on Mar 28 2018 16:06:12 by "java_re" with MS VC++ 10.0 (VS2010)

time: Thu May 21 17:15:15 2020
elapsed time: 1 seconds (0d 0h 0m 1s)

