#
# There is insufficient memory for the Java Runtime Environment to continue.
# Native memory allocation (malloc) failed to allocate 32744 bytes for ChunkPool::allocate
# Possible reasons:
#   The system is out of physical RAM or swap space
#   In 32 bit mode, the process size limit was hit
# Possible solutions:
#   Reduce memory load on the system
#   Increase physical memory or swap space
#   Check if swap backing store is full
#   Use 64 bit Java on a 64 bit OS
#   Decrease Java heap size (-Xmx/-Xms)
#   Decrease number of Java threads
#   Decrease Java thread stack sizes (-Xss)
#   Set larger code cache with -XX:ReservedCodeCacheSize=
# This output file may be truncated or incomplete.
#
#  Out of Memory Error (allocation.cpp:273), pid=3396, tid=0x0000000000000a00
#
# JRE version: Java(TM) SE Runtime Environment (8.0_171-b11) (build 1.8.0_171-b11)
# Java VM: Java HotSpot(TM) 64-Bit Server VM (25.171-b11 mixed mode windows-amd64 compressed oops)
# Failed to write core dump. Minidumps are not enabled by default on client versions of Windows
#

---------------  T H R E A D  ---------------

Current thread (0x000000000281b000):  JavaThread "main" [_thread_in_vm, id=2560, stack(0x0000000002660000,0x0000000002760000)]

Stack: [0x0000000002660000,0x0000000002760000]
[error occurred during error reporting (printing stack bounds), id 0xc0000005]

Native frames: (J=compiled Java code, j=interpreted, Vv=VM code, C=native code)

Java frames: (J=compiled Java code, j=interpreted, Vv=VM code)
j  sun.misc.Unsafe.defineAnonymousClass(Ljava/lang/Class;[B[Ljava/lang/Object;)Ljava/lang/Class;+0
j  java.lang.invoke.InvokerBytecodeGenerator.loadAndInitializeInvokerClass([B[Ljava/lang/Object;)Ljava/lang/Class;+8
j  java.lang.invoke.InvokerBytecodeGenerator.loadMethod([B)Ljava/lang/invoke/MemberName;+6
j  java.lang.invoke.InvokerBytecodeGenerator.generateCustomizedCode(Ljava/lang/invoke/LambdaForm;Ljava/lang/invoke/MethodType;)Ljava/lang/invoke/MemberName;+17
j  java.lang.invoke.LambdaForm.compileToBytecode()Ljava/lang/invoke/MemberName;+65
j  java.lang.invoke.DirectMethodHandle.makePreparedLambdaForm(Ljava/lang/invoke/MethodType;I)Ljava/lang/invoke/LambdaForm;+713
j  java.lang.invoke.DirectMethodHandle.preparedLambdaForm(Ljava/lang/invoke/MethodType;I)Ljava/lang/invoke/LambdaForm;+17
j  java.lang.invoke.DirectMethodHandle.preparedLambdaForm(Ljava/lang/invoke/MemberName;)Ljava/lang/invoke/LambdaForm;+151
j  java.lang.invoke.DirectMethodHandle.make(BLjava/lang/Class;Ljava/lang/invoke/MemberName;)Ljava/lang/invoke/DirectMethodHandle;+137
j  java.lang.invoke.DirectMethodHandle.make(Ljava/lang/Class;Ljava/lang/invoke/MemberName;)Ljava/lang/invoke/DirectMethodHandle;+16
j  java.lang.invoke.DirectMethodHandle.make(Ljava/lang/invoke/MemberName;)Ljava/lang/invoke/DirectMethodHandle;+17
j  java.lang.invoke.Invokers.basicInvoker()Ljava/lang/invoke/MethodHandle;+60
j  java.lang.invoke.LambdaForm$NamedFunction.<init>(Ljava/lang/invoke/MethodType;)V+42
j  java.lang.invoke.LambdaForm$Name.<init>(Ljava/lang/invoke/MethodType;[Ljava/lang/Object;)V+6
j  java.lang.invoke.DelegatingMethodHandle.makeReinvokerForm(Ljava/lang/invoke/MethodHandle;ILjava/lang/Object;Ljava/lang/String;ZLjava/lang/invoke/LambdaForm$NamedFunction;Ljava/lang/invoke/LambdaForm$NamedFunction;)Ljava/lang/invoke/LambdaForm;+291
j  java.lang.invoke.DelegatingMethodHandle.makeReinvokerForm(Ljava/lang/invoke/MethodHandle;ILjava/lang/Object;Ljava/lang/invoke/LambdaForm$NamedFunction;)Ljava/lang/invoke/LambdaForm;+54
j  java.lang.invoke.DelegatingMethodHandle.chooseDelegatingForm(Ljava/lang/invoke/MethodHandle;)Ljava/lang/invoke/LambdaForm;+20
j  java.lang.invoke.DelegatingMethodHandle.<init>(Ljava/lang/invoke/MethodType;Ljava/lang/invoke/MethodHandle;)V+3
j  java.lang.invoke.MethodHandleImpl$IntrinsicMethodHandle.<init>(Ljava/lang/invoke/MethodHandle;Ljava/lang/invoke/MethodHandleImpl$Intrinsic;)V+6
j  java.lang.invoke.MethodHandleImpl.makeIntrinsic(Ljava/lang/invoke/MethodHandle;Ljava/lang/invoke/MethodHandleImpl$Intrinsic;)Ljava/lang/invoke/MethodHandle;+16
j  java.lang.invoke.MethodHandleImpl.makeArrays()[Ljava/lang/invoke/MethodHandle;+35
j  java.lang.invoke.MethodHandleImpl.access$000()[Ljava/lang/invoke/MethodHandle;+0
j  java.lang.invoke.MethodHandleImpl$Lazy.<clinit>()V+5
v  ~StubRoutines::call_stub
j  java.lang.invoke.MethodHandleImpl.varargsArray(I)Ljava/lang/invoke/MethodHandle;+0
j  java.lang.invoke.MethodHandleImpl.varargsArray(Ljava/lang/Class;I)Ljava/lang/invoke/MethodHandle;+121
j  java.lang.invoke.MethodHandle.asCollector(Ljava/lang/Class;I)Ljava/lang/invoke/MethodHandle;+36
j  java.lang.invoke.MethodHandleImpl$AsVarargsCollector.<init>(Ljava/lang/invoke/MethodType;Ljava/lang/invoke/MethodHandle;Ljava/lang/Class;)V+20
j  java.lang.invoke.MethodHandleImpl$AsVarargsCollector.<init>(Ljava/lang/invoke/MethodHandle;Ljava/lang/Class;)V+7
j  java.lang.invoke.MethodHandleImpl.makeVarargsCollector(Ljava/lang/invoke/MethodHandle;Ljava/lang/Class;)Ljava/lang/invoke/MethodHandle;+43
j  java.lang.invoke.MethodHandle.setVarargs(Ljava/lang/invoke/MemberName;)Ljava/lang/invoke/MethodHandle;+26
j  java.lang.invoke.MethodHandles$Lookup.getDirectMethodCommon(BLjava/lang/Class;Ljava/lang/invoke/MemberName;ZZLjava/lang/Class;)Ljava/lang/invoke/MethodHandle;+263
j  java.lang.invoke.MethodHandles$Lookup.getDirectMethod(BLjava/lang/Class;Ljava/lang/invoke/MemberName;Ljava/lang/Class;)Ljava/lang/invoke/MethodHandle;+8
j  java.lang.invoke.MethodHandles$Lookup.findStatic(Ljava/lang/Class;Ljava/lang/String;Ljava/lang/invoke/MethodType;)Ljava/lang/invoke/MethodHandle;+23
j  java.lang.invoke.CallSite.<clinit>()V+35
v  ~StubRoutines::call_stub
j  java.lang.invoke.MethodHandleNatives.linkCallSiteImpl(Ljava/lang/Class;Ljava/lang/invoke/MethodHandle;Ljava/lang/String;Ljava/lang/invoke/MethodType;Ljava/lang/Object;[Ljava/lang/Object;)Ljava/lang/invoke/MemberName;+6
j  java.lang.invoke.MethodHandleNatives.linkCallSite(Ljava/lang/Object;Ljava/lang/Object;Ljava/lang/Object;Ljava/lang/Object;Ljava/lang/Object;[Ljava/lang/Object;)Ljava/lang/invoke/MemberName;+45
v  ~StubRoutines::call_stub
j  sun.rmi.transport.DGCImpl.<clinit>()V+109
v  ~StubRoutines::call_stub
j  sun.rmi.transport.WeakRef.pin()V+15
j  sun.rmi.transport.Target.pinImpl()V+4
j  sun.rmi.transport.Target.<init>(Ljava/rmi/Remote;Lsun/rmi/server/Dispatcher;Ljava/rmi/Remote;Ljava/rmi/server/ObjID;Z)V+134
j  sun.rmi.server.UnicastServerRef.exportObject(Ljava/rmi/Remote;Ljava/lang/Object;Z)Ljava/rmi/Remote;+67
j  sun.management.jmxremote.ConnectorBootstrap$PermanentExporter.exportObject(Ljava/rmi/Remote;ILjava/rmi/server/RMIClientSocketFactory;Ljava/rmi/server/RMIServerSocketFactory;)Ljava/rmi/Remote;+71
j  javax.management.remote.rmi.RMIJRMPServerImpl.export(Ljava/rmi/Remote;)V+127
j  javax.management.remote.rmi.RMIJRMPServerImpl.export()V+12
j  javax.management.remote.rmi.RMIConnectorServer.start()V+270
j  sun.management.jmxremote.ConnectorBootstrap.exportMBeanServer(Ljavax/management/MBeanServer;IIZZLjava/lang/String;[Ljava/lang/String;[Ljava/lang/String;ZZLjava/lang/String;Ljava/lang/String;Ljava/lang/String;Ljava/lang/String;)Lsun/management/jmxremote/ConnectorBootstrap$JMXConnectorServerData;+304
j  sun.management.jmxremote.ConnectorBootstrap.startRemoteConnectorServer(Ljava/lang/String;Ljava/util/Properties;)Ljavax/management/remote/JMXConnectorServer;+820
j  sun.management.Agent.startAgent(Ljava/util/Properties;)V+66
j  sun.management.Agent.startAgent()V+19
v  ~StubRoutines::call_stub

---------------  P R O C E S S  ---------------

Java Threads: ( => current thread )
  0x0000000015ce0000 JavaThread "Service Thread" daemon [_thread_blocked, id=17584, stack(0x0000000016710000,0x0000000016810000)]
  0x0000000015c42800 JavaThread "C1 CompilerThread3" daemon [_thread_blocked, id=18380, stack(0x0000000016610000,0x0000000016710000)]
  0x0000000015c37800 JavaThread "C2 CompilerThread2" daemon [_thread_blocked, id=3532, stack(0x0000000016510000,0x0000000016610000)]
  0x0000000015c33000 JavaThread "C2 CompilerThread1" daemon [_thread_blocked, id=14100, stack(0x0000000016410000,0x0000000016510000)]
  0x0000000015c4a800 JavaThread "C2 CompilerThread0" daemon [_thread_blocked, id=17076, stack(0x0000000016310000,0x0000000016410000)]
  0x0000000015c48800 JavaThread "Monitor Ctrl-Break" daemon [_thread_in_native, id=12116, stack(0x0000000016210000,0x0000000016310000)]
  0x00000000152e2800 JavaThread "Attach Listener" daemon [_thread_blocked, id=10276, stack(0x0000000015900000,0x0000000015a00000)]
  0x000000001533b000 JavaThread "Signal Dispatcher" daemon [_thread_blocked, id=13648, stack(0x0000000015800000,0x0000000015900000)]
  0x00000000152c0800 JavaThread "Finalizer" daemon [_thread_blocked, id=11812, stack(0x00000000156a0000,0x00000000157a0000)]
  0x00000000133c1000 JavaThread "Reference Handler" daemon [_thread_blocked, id=12332, stack(0x00000000151a0000,0x00000000152a0000)]
=>0x000000000281b000 JavaThread "main" [_thread_in_vm, id=2560, stack(0x0000000002660000,0x0000000002760000)]

Other Threads:
  0x00000000133b8000 VMThread [stack: 0x00000000150a0000,0x00000000151a0000] [id=11624]

VM state:not at safepoint (normal execution)

VM Mutex/Monitor currently owned by a thread: None

Heap:
 PSYoungGen      total 38400K, used 1996K [0x00000000fd580000, 0x0000000100000000, 0x0000000100000000)
  eden space 33280K, 6% used [0x00000000fd580000,0x00000000fd7733b8,0x00000000ff600000)
  from space 5120K, 0% used [0x00000000ff600000,0x00000000ff600000,0x00000000ffb00000)
  to   space 5120K, 0% used [0x00000000ffb00000,0x00000000ffb00000,0x0000000100000000)
 ParOldGen       total 87552K, used 1904K [0x00000000f8000000, 0x00000000fd580000, 0x00000000fd580000)
  object space 87552K, 2% used [0x00000000f8000000,0x00000000f81dc328,0x00000000fd580000)
 Metaspace       used 6832K, capacity 6924K, committed 7040K, reserved 1058816K
  class space    used 807K, capacity 847K, committed 896K, reserved 1048576K

Card table byte_map: [0x0000000002760000,0x00000000027b0000] byte_map_base: 0x0000000001fa0000

Marking Bits: (ParMarkBitMap*) 0x0000000050ab08c0
 Begin Bits: [0x00000000125d0000, 0x00000000127d0000)
 End Bits:   [0x00000000127d0000, 0x00000000129d0000)

Polling page: 0x0000000000ab0000

CodeCache: size=245760Kb used=1637Kb max_used=1637Kb free=244122Kb
 bounds [0x0000000002a10000, 0x0000000002c80000, 0x0000000011a10000]
 total_blobs=740 nmethods=409 adapters=244
 compilation: enabled

Compilation events (10 events):
Event: 2.539 Thread 0x0000000015c42800 nmethod 397 0x0000000002ba1650 code [0x0000000002ba17a0, 0x0000000002ba18b0]
Event: 2.539 Thread 0x0000000015c42800  401       1       java.util.AbstractList$Itr::hasNext (20 bytes)
Event: 2.539 Thread 0x0000000015c42800 nmethod 401 0x0000000002ba1910 code [0x0000000002ba1a60, 0x0000000002ba1bc8]
Event: 2.539 Thread 0x0000000015c42800  394       1       sun.invoke.util.Wrapper::basicTypeChar (5 bytes)
Event: 2.540 Thread 0x0000000015c42800 nmethod 394 0x0000000002ba1c50 code [0x0000000002ba1da0, 0x0000000002ba1eb0]
Event: 2.540 Thread 0x0000000015c42800  403       1       java.lang.invoke.LambdaForm$BasicType::basicTypeChar (5 bytes)
Event: 2.540 Thread 0x0000000015c42800 nmethod 403 0x0000000002ba1f10 code [0x0000000002ba2060, 0x0000000002ba2170]
Event: 2.540 Thread 0x0000000015c42800  402       1       java.lang.invoke.LambdaForm$Name::access$000 (5 bytes)
Event: 2.540 Thread 0x0000000015c42800 nmethod 402 0x0000000002ba21d0 code [0x0000000002ba2320, 0x0000000002ba2410]
Event: 2.540 Thread 0x0000000015c42800  405       1       jdk.internal.org.objectweb.asm.Frame::execute (2252 bytes)

GC Heap History (4 events):
Event: 2.497 GC heap before
{Heap before GC invocations=1 (full 0):
 PSYoungGen      total 38400K, used 10895K [0x00000000fd580000, 0x0000000100000000, 0x0000000100000000)
  eden space 33280K, 32% used [0x00000000fd580000,0x00000000fe023e88,0x00000000ff600000)
  from space 5120K, 0% used [0x00000000ffb00000,0x00000000ffb00000,0x0000000100000000)
  to   space 5120K, 0% used [0x00000000ff600000,0x00000000ff600000,0x00000000ffb00000)
 ParOldGen       total 87552K, used 0K [0x00000000f8000000, 0x00000000fd580000, 0x00000000fd580000)
  object space 87552K, 0% used [0x00000000f8000000,0x00000000f8000000,0x00000000fd580000)
 Metaspace       used 6305K, capacity 6338K, committed 6400K, reserved 1056768K
  class space    used 745K, capacity 746K, committed 768K, reserved 1048576K
Event: 2.501 GC heap after
Heap after GC invocations=1 (full 0):
 PSYoungGen      total 38400K, used 2139K [0x00000000fd580000, 0x0000000100000000, 0x0000000100000000)
  eden space 33280K, 0% used [0x00000000fd580000,0x00000000fd580000,0x00000000ff600000)
  from space 5120K, 41% used [0x00000000ff600000,0x00000000ff816e28,0x00000000ffb00000)
  to   space 5120K, 0% used [0x00000000ffb00000,0x00000000ffb00000,0x0000000100000000)
 ParOldGen       total 87552K, used 8K [0x00000000f8000000, 0x00000000fd580000, 0x00000000fd580000)
  object space 87552K, 0% used [0x00000000f8000000,0x00000000f8002000,0x00000000fd580000)
 Metaspace       used 6305K, capacity 6338K, committed 6400K, reserved 1056768K
  class space    used 745K, capacity 746K, committed 768K, reserved 1048576K
}
Event: 2.502 GC heap before
{Heap before GC invocations=2 (full 1):
 PSYoungGen      total 38400K, used 2139K [0x00000000fd580000, 0x0000000100000000, 0x0000000100000000)
  eden space 33280K, 0% used [0x00000000fd580000,0x00000000fd580000,0x00000000ff600000)
  from space 5120K, 41% used [0x00000000ff600000,0x00000000ff816e28,0x00000000ffb00000)
  to   space 5120K, 0% used [0x00000000ffb00000,0x00000000ffb00000,0x0000000100000000)
 ParOldGen       total 87552K, used 8K [0x00000000f8000000, 0x00000000fd580000, 0x00000000fd580000)
  object space 87552K, 0% used [0x00000000f8000000,0x00000000f8002000,0x00000000fd580000)
 Metaspace       used 6305K, capacity 6338K, committed 6400K, reserved 1056768K
  class space    used 745K, capacity 746K, committed 768K, reserved 1048576K
Event: 2.511 GC heap after
Heap after GC invocations=2 (full 1):
 PSYoungGen      total 38400K, used 0K [0x00000000fd580000, 0x0000000100000000, 0x0000000100000000)
  eden space 33280K, 0% used [0x00000000fd580000,0x00000000fd580000,0x00000000ff600000)
  from space 5120K, 0% used [0x00000000ff600000,0x00000000ff600000,0x00000000ffb00000)
  to   space 5120K, 0% used [0x00000000ffb00000,0x00000000ffb00000,0x0000000100000000)
 ParOldGen       total 87552K, used 1904K [0x00000000f8000000, 0x00000000fd580000, 0x00000000fd580000)
  object space 87552K, 2% used [0x00000000f8000000,0x00000000f81dc328,0x00000000fd580000)
 Metaspace       used 6305K, capacity 6338K, committed 6400K, reserved 1056768K
  class space    used 745K, capacity 746K, committed 768K, reserved 1048576K
}

Deoptimization events (0 events):
No events

Classes redefined (0 events):
No events

Internal exceptions (10 events):
Event: 0.645 Thread 0x000000000281b000 Exception <a 'java/lang/ArrayIndexOutOfBoundsException'> (0x00000000fdd33740) thrown at [C:\re\workspace\8-2-build-windows-amd64-cygwin\jdk8u171\10807\hotspot\src\share\vm\runtime\sharedRuntime.cpp, line 605]
Event: 0.645 Thread 0x000000000281b000 Exception <a 'java/lang/ArrayIndexOutOfBoundsException'> (0x00000000fdd34de0) thrown at [C:\re\workspace\8-2-build-windows-amd64-cygwin\jdk8u171\10807\hotspot\src\share\vm\runtime\sharedRuntime.cpp, line 605]
Event: 0.646 Thread 0x000000000281b000 Exception <a 'java/lang/ArrayIndexOutOfBoundsException'> (0x00000000fdd37768) thrown at [C:\re\workspace\8-2-build-windows-amd64-cygwin\jdk8u171\10807\hotspot\src\share\vm\runtime\sharedRuntime.cpp, line 605]
Event: 0.651 Thread 0x000000000281b000 Exception <a 'java/lang/ArrayIndexOutOfBoundsException'> (0x00000000fdd64408) thrown at [C:\re\workspace\8-2-build-windows-amd64-cygwin\jdk8u171\10807\hotspot\src\share\vm\runtime\sharedRuntime.cpp, line 605]
Event: 0.655 Thread 0x000000000281b000 Exception <a 'java/lang/ArrayIndexOutOfBoundsException'> (0x00000000fdd84d50) thrown at [C:\re\workspace\8-2-build-windows-amd64-cygwin\jdk8u171\10807\hotspot\src\share\vm\runtime\sharedRuntime.cpp, line 605]
Event: 0.680 Thread 0x000000000281b000 Exception <a 'java/security/PrivilegedActionException'> (0x00000000fdddce00) thrown at [C:\re\workspace\8-2-build-windows-amd64-cygwin\jdk8u171\10807\hotspot\src\share\vm\prims\jvm.cpp, line 1435]
Event: 0.680 Thread 0x000000000281b000 Exception <a 'java/security/PrivilegedActionException'> (0x00000000fdddd010) thrown at [C:\re\workspace\8-2-build-windows-amd64-cygwin\jdk8u171\10807\hotspot\src\share\vm\prims\jvm.cpp, line 1435]
Event: 0.680 Thread 0x000000000281b000 Exception <a 'java/security/PrivilegedActionException'> (0x00000000fdde0f20) thrown at [C:\re\workspace\8-2-build-windows-amd64-cygwin\jdk8u171\10807\hotspot\src\share\vm\prims\jvm.cpp, line 1435]
Event: 0.680 Thread 0x000000000281b000 Exception <a 'java/security/PrivilegedActionException'> (0x00000000fdde1130) thrown at [C:\re\workspace\8-2-build-windows-amd64-cygwin\jdk8u171\10807\hotspot\src\share\vm\prims\jvm.cpp, line 1435]
Event: 2.493 Thread 0x000000000281b000 Exception <a 'java/lang/ClassNotFoundException': javax/management/remote/rmi/RMIJRMPServerImpl$ExportedWrapper_Stub> (0x00000000fdfc9aa8) thrown at [C:\re\workspace\8-2-build-windows-amd64-cygwin\jdk8u171\10807\hotspot\src\share\vm\classfile\systemDiction

Events (10 events):
Event: 2.535 loading class java/lang/invoke/MethodHandleImpl$AsVarargsCollector
Event: 2.535 loading class java/lang/invoke/DelegatingMethodHandle
Event: 2.535 loading class java/lang/invoke/DelegatingMethodHandle done
Event: 2.535 loading class java/lang/invoke/MethodHandleImpl$AsVarargsCollector done
Event: 2.535 loading class java/lang/invoke/WrongMethodTypeException
Event: 2.535 loading class java/lang/invoke/WrongMethodTypeException done
Event: 2.537 loading class java/lang/invoke/MethodHandleImpl$Lazy
Event: 2.537 loading class java/lang/invoke/MethodHandleImpl$Lazy done
Event: 2.537 loading class java/lang/invoke/MethodHandleImpl$IntrinsicMethodHandle
Event: 2.537 loading class java/lang/invoke/MethodHandleImpl$IntrinsicMethodHandle done


Dynamic libraries:
0x00007ff68bbb0000 - 0x00007ff68bbe7000 	D:\Program Files\Java\jdk1.8.0_171\bin\java.exe
0x00007ff853400000 - 0x00007ff8535f0000 	C:\WINDOWS\SYSTEM32\ntdll.dll
0x00007ff8531a0000 - 0x00007ff853252000 	C:\WINDOWS\System32\KERNEL32.DLL
0x00007ff851190000 - 0x00007ff851433000 	C:\WINDOWS\System32\KERNELBASE.dll
0x00007ff851ea0000 - 0x00007ff851f43000 	C:\WINDOWS\System32\ADVAPI32.dll
0x00007ff8517b0000 - 0x00007ff85184e000 	C:\WINDOWS\System32\msvcrt.dll
0x00007ff851cc0000 - 0x00007ff851d57000 	C:\WINDOWS\System32\sechost.dll
0x00007ff853080000 - 0x00007ff8531a0000 	C:\WINDOWS\System32\RPCRT4.dll
0x00007ff851610000 - 0x00007ff8517a4000 	C:\WINDOWS\System32\USER32.dll
0x00007ff8504b0000 - 0x00007ff8504d1000 	C:\WINDOWS\System32\win32u.dll
0x00007ff8528f0000 - 0x00007ff852916000 	C:\WINDOWS\System32\GDI32.dll
0x00007ff8505c0000 - 0x00007ff850754000 	C:\WINDOWS\System32\gdi32full.dll
0x00007ff850390000 - 0x00007ff85042e000 	C:\WINDOWS\System32\msvcp_win.dll
0x00007ff850910000 - 0x00007ff850a0a000 	C:\WINDOWS\System32\ucrtbase.dll
0x00007ff8409c0000 - 0x00007ff840c45000 	C:\WINDOWS\WinSxS\amd64_microsoft.windows.common-controls_6595b64144ccf1df_6.0.18362.720_none_e6beb5c51314836b\COMCTL32.dll
0x00007ff852c90000 - 0x00007ff852fc6000 	C:\WINDOWS\System32\combase.dll
0x00007ff850430000 - 0x00007ff8504b0000 	C:\WINDOWS\System32\bcryptPrimitives.dll
0x00007ff8514b0000 - 0x00007ff8514de000 	C:\WINDOWS\System32\IMM32.DLL
0x0000000052000000 - 0x00000000520d2000 	D:\Program Files\Java\jdk1.8.0_171\jre\bin\msvcr100.dll
0x0000000050290000 - 0x0000000050b30000 	D:\Program Files\Java\jdk1.8.0_171\jre\bin\server\jvm.dll
0x00007ff852920000 - 0x00007ff852928000 	C:\WINDOWS\System32\PSAPI.DLL
0x00007ff84dec0000 - 0x00007ff84dee4000 	C:\WINDOWS\SYSTEM32\WINMM.dll
0x00007ff838730000 - 0x00007ff838739000 	C:\WINDOWS\SYSTEM32\WSOCK32.dll
0x00007ff8485a0000 - 0x00007ff8485aa000 	C:\WINDOWS\SYSTEM32\VERSION.dll
0x00007ff852ab0000 - 0x00007ff852b1f000 	C:\WINDOWS\System32\WS2_32.dll
0x00007ff84dcb0000 - 0x00007ff84dcdd000 	C:\WINDOWS\SYSTEM32\WINMMBASE.dll
0x00007ff851440000 - 0x00007ff85148a000 	C:\WINDOWS\System32\cfgmgr32.dll
0x0000000051ff0000 - 0x0000000051fff000 	D:\Program Files\Java\jdk1.8.0_171\jre\bin\verify.dll
0x0000000051fc0000 - 0x0000000051fe9000 	D:\Program Files\Java\jdk1.8.0_171\jre\bin\java.dll
0x0000000051e90000 - 0x0000000051eb3000 	D:\Program Files\Java\jdk1.8.0_171\jre\bin\instrument.dll
0x0000000051fa0000 - 0x0000000051fb6000 	D:\Program Files\Java\jdk1.8.0_171\jre\bin\zip.dll
0x00007ff8521a0000 - 0x00007ff852885000 	C:\WINDOWS\System32\SHELL32.dll
0x00007ff852fd0000 - 0x00007ff853079000 	C:\WINDOWS\System32\shcore.dll
0x00007ff850a10000 - 0x00007ff851190000 	C:\WINDOWS\System32\windows.storage.dll
0x00007ff850310000 - 0x00007ff850333000 	C:\WINDOWS\System32\profapi.dll
0x00007ff850340000 - 0x00007ff85038a000 	C:\WINDOWS\System32\powrprof.dll
0x00007ff8502c0000 - 0x00007ff8502d0000 	C:\WINDOWS\System32\UMPDC.dll
0x00007ff852890000 - 0x00007ff8528e2000 	C:\WINDOWS\System32\shlwapi.dll
0x00007ff8502f0000 - 0x00007ff850301000 	C:\WINDOWS\System32\kernel.appcore.dll
0x00007ff851490000 - 0x00007ff8514a7000 	C:\WINDOWS\System32\cryptsp.dll
0x00007ff84cc20000 - 0x00007ff84cc3a000 	D:\IntelliJ IDEA 2018.1.2\bin\breakgen64.dll
0x0000000051e40000 - 0x0000000051e5a000 	D:\Program Files\Java\jdk1.8.0_171\jre\bin\net.dll
0x00007ff84fb30000 - 0x00007ff84fb97000 	C:\WINDOWS\system32\mswsock.dll
0x0000000051e80000 - 0x0000000051e8d000 	D:\Program Files\Java\jdk1.8.0_171\jre\bin\management.dll
0x0000000051e20000 - 0x0000000051e31000 	D:\Program Files\Java\jdk1.8.0_171\jre\bin\nio.dll
0x00007ff8374c0000 - 0x00007ff8374d6000 	C:\WINDOWS\system32\napinsp.dll
0x00007ff8374a0000 - 0x00007ff8374ba000 	C:\WINDOWS\system32\pnrpnsp.dll
0x00007ff84f880000 - 0x00007ff84f94a000 	C:\WINDOWS\SYSTEM32\DNSAPI.dll
0x00007ff853330000 - 0x00007ff853338000 	C:\WINDOWS\System32\NSI.dll
0x00007ff84f840000 - 0x00007ff84f87a000 	C:\WINDOWS\SYSTEM32\IPHLPAPI.DLL
0x00007ff838560000 - 0x00007ff83856e000 	C:\WINDOWS\System32\winrnr.dll
0x00007ff84c9f0000 - 0x00007ff84ca0c000 	C:\WINDOWS\system32\NLAapi.dll
0x00007ff838540000 - 0x00007ff838555000 	C:\WINDOWS\system32\wshbth.dll
0x00007ff842a50000 - 0x00007ff842a5a000 	C:\Windows\System32\rasadhlp.dll
0x00007ff843e50000 - 0x00007ff843ec7000 	C:\WINDOWS\System32\fwpuclnt.dll
0x00007ff8504e0000 - 0x00007ff850506000 	C:\WINDOWS\System32\bcrypt.dll
0x00007ff84f6a0000 - 0x00007ff84f6d3000 	C:\WINDOWS\system32\rsaenh.dll
0x00007ff8501e0000 - 0x00007ff850205000 	C:\WINDOWS\SYSTEM32\USERENV.dll
0x00007ff84fd00000 - 0x00007ff84fd0c000 	C:\WINDOWS\SYSTEM32\CRYPTBASE.dll
0x00007ff844440000 - 0x00007ff844456000 	C:\WINDOWS\SYSTEM32\dhcpcsvc6.DLL
0x00007ff844420000 - 0x00007ff84443c000 	C:\WINDOWS\SYSTEM32\dhcpcsvc.DLL

VM Arguments:
jvm_args: -Xmx128m -Xms128m -XX:TieredStopAtLevel=1 -Xverify:none -Dspring.output.ansi.enabled=always -Dcom.sun.management.jmxremote -Dcom.sun.management.jmxremote.port=7253 -Dcom.sun.management.jmxremote.authenticate=false -Dcom.sun.management.jmxremote.ssl=false -Djava.rmi.server.hostname=localhost -Dspring.liveBeansView.mbeanDomain -Dspring.application.admin.enabled=true -javaagent:D:\IntelliJ IDEA 2018.1.2\lib\idea_rt.jar=7254:D:\IntelliJ IDEA 2018.1.2\bin -Dfile.encoding=UTF-8 
java_command: com.leilei.eurekaserver.EurekaServerApplication7001
java_class_path (initial): D:\Program Files\Java\jdk1.8.0_171\jre\lib\charsets.jar;D:\Program Files\Java\jdk1.8.0_171\jre\lib\deploy.jar;D:\Program Files\Java\jdk1.8.0_171\jre\lib\ext\access-bridge-64.jar;D:\Program Files\Java\jdk1.8.0_171\jre\lib\ext\cldrdata.jar;D:\Program Files\Java\jdk1.8.0_171\jre\lib\ext\dnsns.jar;D:\Program Files\Java\jdk1.8.0_171\jre\lib\ext\jaccess.jar;D:\Program Files\Java\jdk1.8.0_171\jre\lib\ext\jfxrt.jar;D:\Program Files\Java\jdk1.8.0_171\jre\lib\ext\localedata.jar;D:\Program Files\Java\jdk1.8.0_171\jre\lib\ext\nashorn.jar;D:\Program Files\Java\jdk1.8.0_171\jre\lib\ext\sunec.jar;D:\Program Files\Java\jdk1.8.0_171\jre\lib\ext\sunjce_provider.jar;D:\Program Files\Java\jdk1.8.0_171\jre\lib\ext\sunmscapi.jar;D:\Program Files\Java\jdk1.8.0_171\jre\lib\ext\sunpkcs11.jar;D:\Program Files\Java\jdk1.8.0_171\jre\lib\ext\zipfs.jar;D:\Program Files\Java\jdk1.8.0_171\jre\lib\javaws.jar;D:\Program Files\Java\jdk1.8.0_171\jre\lib\jce.jar;D:\Program Files\Java\jdk1.8.0_171\jre\lib\jfr.jar;D:\Program Files\Java\jdk1.8.0_171\jre\lib\jfxswt.jar;D:\Program Files\Java\jdk1.8.0_171\jre\lib\jsse.jar;D:\Program Files\Java\jdk1.8.0_171\jre\lib\management-agent.jar;D:\Program Files\Java\jdk1.8.0_171\jre\lib\plugin.jar;D:\Program Files\Java\jdk1.8.0_171\jre\lib\resources.jar;D:\Program Files\Java\jdk1.8.0_171\jre\lib\rt.jar;D:\reservationSystem\eurekaServer\target\classes;C:\Users\Administrator\.m2\repository\org\springframework\cloud\spring-cloud-starter-netflix-eureka-server\2.0.2.RELEASE\spring-cloud-starter-netflix-eureka-server-2.0.2.RELEASE.jar;C:\Users\Administrator\.m2\repository\org\springframework\cloud\spring-cloud-starter\2.2.1.RELEASE\spring-cloud-starter-2.2.1.RELEASE.jar;C:\Users\Administrator\.m2\repository\org\springframework\boot\spring-boot-starter\2.2.2.RELEASE\spring-boot-starter-2.2.2.RELEASE.jar;C:\Users\Administrator\.m2\repository\org\springframework\boot\spring-boot-starter-logging\2.2.2.RELEASE\spring-boot-starter-logging-2.2.2.RELEAS
Launcher Type: SUN_STANDARD

Environment Variables:
JAVA_HOME=D:\Program Files\Java\jdk1.8.0_171
CLASSPATH=.;D:\Program Files\Java\jdk1.8.0_171\lib;D:\Program Files\Java\jdk1.8.0_171\lib\tools.jar;D:\Program Files\Java\jdk1.8.0_171\lib\dt.jar;D:\apache-tomcat-9.0.6\bin;C:\Users\Administrator\Downloads\mysql-connector-java-8.0.11\mysql-connector-java-8.0.11;C:\Users\Administrator\Downloads\mysql-connector-java-5.1.46\mysql-connector-java-5.1.46
PATH=D:\Program Files (x86)\NetSarang\Xshell 6\;C:\Program Files\Python 3.5\Scripts\;C:\Program Files\Python 3.5\;C:\Program Files (x86)\Common Files\Oracle\Java\javapath;.;%JAVA_HOME%\bin;%JAVA_HOME%\jre\bin;C:\Program Files\Microsoft SQL Server\130\Tools\Binn\;C:\Program Files\dotnet\;C:\Program Files\Git\cmd;C:\Python31;C:\Windows\System32;C:\WINDOWS\system32;C:\WINDOWS;C:\WINDOWS\System32\Wbem;C:\WINDOWS\System32\WindowsPowerShell\v1.0\;C:\WINDOWS\System32\OpenSSH\;%M2_HOME%\bin;D:\Program Files\nodejs\;D:\Program Files\Java\jdk1.8.0_171\bin;D:\Program Files\Java\jdk1.8.0_171\jre\bin;C:\Users\Administrator\AppData\Local\Microsoft\WindowsApps;C:\Program Files (x86)\MySQL\MySQL Server 5.7\bin;C:\Users\Administrator\Desktop\assembly;D:\apache-maven-3.5.4\bin;C:\Users\Administrator\AppData\Local\GitHubDesktop\bin;C:\Users\Administrator\AppData\Roaming\npm;%USERPROFILE%\AppData\Local\Microsoft\WindowsApps;D:\Program Files\latex\miktex\bin\x64\
USERNAME=Administrator
OS=Windows_NT
PROCESSOR_IDENTIFIER=Intel64 Family 6 Model 158 Stepping 9, GenuineIntel



---------------  S Y S T E M  ---------------

OS: Windows 10.0 , 64 bit Build 18362 (10.0.18362.329)

CPU:total 8 (initial active 8) (4 cores per cpu, 2 threads per core) family 6 model 158 stepping 9, cmov, cx8, fxsr, mmx, sse, sse2, sse3, ssse3, sse4.1, sse4.2, popcnt, avx, avx2, aes, clmul, erms, 3dnowpref, lzcnt, ht, tsc, tscinvbit, bmi1, bmi2, adx

Memory: 4k page, physical 8238780k(1578624k free), swap 10335932k(484k free)

vm_info: Java HotSpot(TM) 64-Bit Server VM (25.171-b11) for windows-amd64 JRE (1.8.0_171-b11), built on Mar 28 2018 16:06:12 by "java_re" with MS VC++ 10.0 (VS2010)

time: Mon Apr 13 20:38:14 2020
elapsed time: 2 seconds (0d 0h 0m 2s)

